{"uid":"769bec8b56a051e1","name":"Покупка автомобиля пользователем","fullName":"tests.api.PersonControllerTest.userBuyCarAmountEqualPrice","historyId":"428db1b3a607ef0c3628005db5bc4846","time":{"start":1755377431514,"stop":1755377434061,"duration":2547},"description":"Проверка покупки автомобиля (user.amount = car.price)","descriptionHtml":"<p>Проверка покупки автомобиля (user.amount = car.price)</p>\n","status":"broken","statusMessage":"Cannot invoke \"java.sql.Statement.executeQuery(String)\" because \"this.statement\" is null","statusTrace":"java.lang.NullPointerException: Cannot invoke \"java.sql.Statement.executeQuery(String)\" because \"this.statement\" is null\n\tat db.DBConnection.select(DBConnection.java:32)\n\tat db.DBRequests.checkUserOwnsPropertyByPropertyId(DBRequests.java:39)\n\tat tests.api.PersonControllerTest.userBuyCarAmountEqualPrice(PersonControllerTest.java:365)\n\tat java.base/jdk.internal.reflect.NativeMethodAccessorImpl.invoke0(Native Method)\n\tat java.base/jdk.internal.reflect.NativeMethodAccessorImpl.invoke(NativeMethodAccessorImpl.java:77)\n\tat java.base/jdk.internal.reflect.DelegatingMethodAccessorImpl.invoke(DelegatingMethodAccessorImpl.java:43)\n\tat java.base/java.lang.reflect.Method.invoke(Method.java:569)\n\tat org.testng.internal.invokers.MethodInvocationHelper.invokeMethod(MethodInvocationHelper.java:141)\n\tat org.testng.internal.invokers.TestInvoker.invokeMethod(TestInvoker.java:687)\n\tat org.testng.internal.invokers.TestInvoker.retryFailed(TestInvoker.java:269)\n\tat org.testng.internal.invokers.MethodRunner.runInSequence(MethodRunner.java:76)\n\tat org.testng.internal.invokers.TestInvoker$MethodInvocationAgent.invoke(TestInvoker.java:995)\n\tat org.testng.internal.invokers.TestInvoker.invokeTestMethods(TestInvoker.java:203)\n\tat org.testng.internal.invokers.TestMethodWorker.invokeTestMethods(TestMethodWorker.java:154)\n\tat org.testng.internal.invokers.TestMethodWorker.run(TestMethodWorker.java:134)\n\tat java.base/java.util.ArrayList.forEach(ArrayList.java:1511)\n\tat org.testng.TestRunner.privateRun(TestRunner.java:741)\n\tat org.testng.TestRunner.run(TestRunner.java:616)\n\tat org.testng.SuiteRunner.runTest(SuiteRunner.java:421)\n\tat org.testng.SuiteRunner.runSequentially(SuiteRunner.java:413)\n\tat org.testng.SuiteRunner.privateRun(SuiteRunner.java:373)\n\tat org.testng.SuiteRunner.run(SuiteRunner.java:312)\n\tat org.testng.SuiteRunnerWorker.runSuite(SuiteRunnerWorker.java:52)\n\tat org.testng.SuiteRunnerWorker.run(SuiteRunnerWorker.java:95)\n\tat org.testng.TestNG.runSuitesSequentially(TestNG.java:1274)\n\tat org.testng.TestNG.runSuitesLocally(TestNG.java:1208)\n\tat org.testng.TestNG.runSuites(TestNG.java:1112)\n\tat org.testng.TestNG.run(TestNG.java:1079)\n\tat org.apache.maven.surefire.testng.TestNGExecutor.run(TestNGExecutor.java:308)\n\tat org.apache.maven.surefire.testng.TestNGXmlTestSuite.execute(TestNGXmlTestSuite.java:71)\n\tat org.apache.maven.surefire.testng.TestNGProvider.invoke(TestNGProvider.java:113)\n\tat org.apache.maven.surefire.booter.ForkedBooter.runSuitesInProcess(ForkedBooter.java:385)\n\tat org.apache.maven.surefire.booter.ForkedBooter.execute(ForkedBooter.java:162)\n\tat org.apache.maven.surefire.booter.ForkedBooter.run(ForkedBooter.java:507)\n\tat org.apache.maven.surefire.booter.ForkedBooter.main(ForkedBooter.java:495)\n","flaky":false,"newFailed":false,"newBroken":false,"newPassed":false,"retriesCount":3,"retriesStatusChange":true,"beforeStages":[],"testStage":{"description":"Проверка покупки автомобиля (user.amount = car.price)","status":"broken","statusMessage":"Cannot invoke \"java.sql.Statement.executeQuery(String)\" because \"this.statement\" is null","statusTrace":"java.lang.NullPointerException: Cannot invoke \"java.sql.Statement.executeQuery(String)\" because \"this.statement\" is null\n\tat db.DBConnection.select(DBConnection.java:32)\n\tat db.DBRequests.checkUserOwnsPropertyByPropertyId(DBRequests.java:39)\n\tat tests.api.PersonControllerTest.userBuyCarAmountEqualPrice(PersonControllerTest.java:365)\n\tat java.base/jdk.internal.reflect.NativeMethodAccessorImpl.invoke0(Native Method)\n\tat java.base/jdk.internal.reflect.NativeMethodAccessorImpl.invoke(NativeMethodAccessorImpl.java:77)\n\tat java.base/jdk.internal.reflect.DelegatingMethodAccessorImpl.invoke(DelegatingMethodAccessorImpl.java:43)\n\tat java.base/java.lang.reflect.Method.invoke(Method.java:569)\n\tat org.testng.internal.invokers.MethodInvocationHelper.invokeMethod(MethodInvocationHelper.java:141)\n\tat org.testng.internal.invokers.TestInvoker.invokeMethod(TestInvoker.java:687)\n\tat org.testng.internal.invokers.TestInvoker.retryFailed(TestInvoker.java:269)\n\tat org.testng.internal.invokers.MethodRunner.runInSequence(MethodRunner.java:76)\n\tat org.testng.internal.invokers.TestInvoker$MethodInvocationAgent.invoke(TestInvoker.java:995)\n\tat org.testng.internal.invokers.TestInvoker.invokeTestMethods(TestInvoker.java:203)\n\tat org.testng.internal.invokers.TestMethodWorker.invokeTestMethods(TestMethodWorker.java:154)\n\tat org.testng.internal.invokers.TestMethodWorker.run(TestMethodWorker.java:134)\n\tat java.base/java.util.ArrayList.forEach(ArrayList.java:1511)\n\tat org.testng.TestRunner.privateRun(TestRunner.java:741)\n\tat org.testng.TestRunner.run(TestRunner.java:616)\n\tat org.testng.SuiteRunner.runTest(SuiteRunner.java:421)\n\tat org.testng.SuiteRunner.runSequentially(SuiteRunner.java:413)\n\tat org.testng.SuiteRunner.privateRun(SuiteRunner.java:373)\n\tat org.testng.SuiteRunner.run(SuiteRunner.java:312)\n\tat org.testng.SuiteRunnerWorker.runSuite(SuiteRunnerWorker.java:52)\n\tat org.testng.SuiteRunnerWorker.run(SuiteRunnerWorker.java:95)\n\tat org.testng.TestNG.runSuitesSequentially(TestNG.java:1274)\n\tat org.testng.TestNG.runSuitesLocally(TestNG.java:1208)\n\tat org.testng.TestNG.runSuites(TestNG.java:1112)\n\tat org.testng.TestNG.run(TestNG.java:1079)\n\tat org.apache.maven.surefire.testng.TestNGExecutor.run(TestNGExecutor.java:308)\n\tat org.apache.maven.surefire.testng.TestNGXmlTestSuite.execute(TestNGXmlTestSuite.java:71)\n\tat org.apache.maven.surefire.testng.TestNGProvider.invoke(TestNGProvider.java:113)\n\tat org.apache.maven.surefire.booter.ForkedBooter.runSuitesInProcess(ForkedBooter.java:385)\n\tat org.apache.maven.surefire.booter.ForkedBooter.execute(ForkedBooter.java:162)\n\tat org.apache.maven.surefire.booter.ForkedBooter.run(ForkedBooter.java:507)\n\tat org.apache.maven.surefire.booter.ForkedBooter.main(ForkedBooter.java:495)\n","steps":[{"name":"Создание пользователя","time":{"start":1755377431514,"stop":1755377432108,"duration":594},"status":"passed","steps":[{"name":"Получение токена","time":{"start":1755377431515,"stop":1755377431857,"duration":342},"status":"passed","steps":[],"attachments":[{"uid":"5fee665e1925cced","name":"Запрос","source":"5fee665e1925cced.html","type":"text/html","size":604},{"uid":"87288ebbf7bdb1bc","name":"Ответ","source":"87288ebbf7bdb1bc.html","type":"text/html","size":965}],"parameters":[],"stepsCount":0,"shouldDisplayMessage":false,"attachmentsCount":2,"hasContent":true,"attachmentStep":false}],"attachments":[{"uid":"9c1db71c05e94f31","name":"Запрос","source":"9c1db71c05e94f31.html","type":"text/html","size":1294},{"uid":"a4f95026d7d97c39","name":"Ответ","source":"a4f95026d7d97c39.html","type":"text/html","size":939}],"parameters":[{"name":"user","value":"UserRequest(id=null, firstName=Sarai, secondName=Leuschke, age=21, sex=FEMALE, money=22512.6)"},{"name":"statusCode","value":"201"}],"stepsCount":1,"shouldDisplayMessage":false,"attachmentsCount":4,"hasContent":true,"attachmentStep":false},{"name":"POST запрос на создание машины: Car(id=null, engineType=Gasoline, mark=Volvo, model=S60, price=22512.6)","time":{"start":1755377432108,"stop":1755377432719,"duration":611},"status":"passed","steps":[{"name":"Получение токена","time":{"start":1755377432108,"stop":1755377432456,"duration":348},"status":"passed","steps":[],"attachments":[{"uid":"2ab90a52a0c805","name":"Запрос","source":"2ab90a52a0c805.html","type":"text/html","size":604},{"uid":"e2f74861ca0db9f4","name":"Ответ","source":"e2f74861ca0db9f4.html","type":"text/html","size":965}],"parameters":[],"stepsCount":0,"shouldDisplayMessage":false,"attachmentsCount":2,"hasContent":true,"attachmentStep":false}],"attachments":[{"uid":"4d69f8cbd87ca69c","name":"Запрос","source":"4d69f8cbd87ca69c.html","type":"text/html","size":1230},{"uid":"5e640a977c425d61","name":"Ответ","source":"5e640a977c425d61.html","type":"text/html","size":908}],"parameters":[{"name":"car","value":"Car(id=null, engineType=Gasoline, mark=Volvo, model=S60, price=22512.6)"}],"stepsCount":1,"shouldDisplayMessage":false,"attachmentsCount":4,"hasContent":true,"attachmentStep":false},{"name":"Покупка/продажа авто 3970 пользователем 8798","time":{"start":1755377432719,"stop":1755377433323,"duration":604},"status":"passed","steps":[{"name":"Получение токена","time":{"start":1755377432719,"stop":1755377433068,"duration":349},"status":"passed","steps":[],"attachments":[{"uid":"73ba80241d0ec9ef","name":"Запрос","source":"73ba80241d0ec9ef.html","type":"text/html","size":604},{"uid":"fe60d6e2fe957754","name":"Ответ","source":"fe60d6e2fe957754.html","type":"text/html","size":965}],"parameters":[],"stepsCount":0,"shouldDisplayMessage":false,"attachmentsCount":2,"hasContent":true,"attachmentStep":false}],"attachments":[{"uid":"f125ca0834358d99","name":"Запрос","source":"f125ca0834358d99.html","type":"text/html","size":936},{"uid":"be9ae32521cc25af","name":"Ответ","source":"be9ae32521cc25af.html","type":"text/html","size":936}],"parameters":[{"name":"userId","value":"8798"},{"name":"carId","value":"3970"},{"name":"option","value":"buy"},{"name":"statusCode","value":"200"}],"stepsCount":1,"shouldDisplayMessage":false,"attachmentsCount":4,"hasContent":true,"attachmentStep":false},{"name":"Проверка подключения к БД","time":{"start":1755377433323,"stop":1755377433695,"duration":372},"status":"passed","steps":[],"attachments":[],"parameters":[],"stepsCount":0,"shouldDisplayMessage":false,"attachmentsCount":0,"hasContent":false,"attachmentStep":false},{"name":"Получение кол-ва записей в БД по связке 8798 <-> 3970} ","time":{"start":1755377434060,"stop":1755377434061,"duration":1},"status":"broken","statusMessage":"Cannot invoke \"java.sql.Statement.executeQuery(String)\" because \"this.statement\" is null","statusTrace":"java.lang.NullPointerException: Cannot invoke \"java.sql.Statement.executeQuery(String)\" because \"this.statement\" is null\n\tat db.DBConnection.select(DBConnection.java:32)\n\tat db.DBRequests.checkUserOwnsPropertyByPropertyId(DBRequests.java:39)\n\tat tests.api.PersonControllerTest.userBuyCarAmountEqualPrice(PersonControllerTest.java:365)\n\tat java.base/jdk.internal.reflect.NativeMethodAccessorImpl.invoke0(Native Method)\n\tat java.base/jdk.internal.reflect.NativeMethodAccessorImpl.invoke(NativeMethodAccessorImpl.java:77)\n\tat java.base/jdk.internal.reflect.DelegatingMethodAccessorImpl.invoke(DelegatingMethodAccessorImpl.java:43)\n\tat java.base/java.lang.reflect.Method.invoke(Method.java:569)\n\tat org.testng.internal.invokers.MethodInvocationHelper.invokeMethod(MethodInvocationHelper.java:141)\n\tat org.testng.internal.invokers.TestInvoker.invokeMethod(TestInvoker.java:687)\n\tat org.testng.internal.invokers.TestInvoker.retryFailed(TestInvoker.java:269)\n\tat org.testng.internal.invokers.MethodRunner.runInSequence(MethodRunner.java:76)\n\tat org.testng.internal.invokers.TestInvoker$MethodInvocationAgent.invoke(TestInvoker.java:995)\n\tat org.testng.internal.invokers.TestInvoker.invokeTestMethods(TestInvoker.java:203)\n\tat org.testng.internal.invokers.TestMethodWorker.invokeTestMethods(TestMethodWorker.java:154)\n\tat org.testng.internal.invokers.TestMethodWorker.run(TestMethodWorker.java:134)\n\tat java.base/java.util.ArrayList.forEach(ArrayList.java:1511)\n\tat org.testng.TestRunner.privateRun(TestRunner.java:741)\n\tat org.testng.TestRunner.run(TestRunner.java:616)\n\tat org.testng.SuiteRunner.runTest(SuiteRunner.java:421)\n\tat org.testng.SuiteRunner.runSequentially(SuiteRunner.java:413)\n\tat org.testng.SuiteRunner.privateRun(SuiteRunner.java:373)\n\tat org.testng.SuiteRunner.run(SuiteRunner.java:312)\n\tat org.testng.SuiteRunnerWorker.runSuite(SuiteRunnerWorker.java:52)\n\tat org.testng.SuiteRunnerWorker.run(SuiteRunnerWorker.java:95)\n\tat org.testng.TestNG.runSuitesSequentially(TestNG.java:1274)\n\tat org.testng.TestNG.runSuitesLocally(TestNG.java:1208)\n\tat org.testng.TestNG.runSuites(TestNG.java:1112)\n\tat org.testng.TestNG.run(TestNG.java:1079)\n\tat org.apache.maven.surefire.testng.TestNGExecutor.run(TestNGExecutor.java:308)\n\tat org.apache.maven.surefire.testng.TestNGXmlTestSuite.execute(TestNGXmlTestSuite.java:71)\n\tat org.apache.maven.surefire.testng.TestNGProvider.invoke(TestNGProvider.java:113)\n\tat org.apache.maven.surefire.booter.ForkedBooter.runSuitesInProcess(ForkedBooter.java:385)\n\tat org.apache.maven.surefire.booter.ForkedBooter.execute(ForkedBooter.java:162)\n\tat org.apache.maven.surefire.booter.ForkedBooter.run(ForkedBooter.java:507)\n\tat org.apache.maven.surefire.booter.ForkedBooter.main(ForkedBooter.java:495)\n","steps":[],"attachments":[],"parameters":[{"name":"userId","value":"8798"},{"name":"carId","value":"3970"}],"stepsCount":0,"shouldDisplayMessage":true,"attachmentsCount":0,"hasContent":true,"attachmentStep":false}],"attachments":[],"parameters":[],"stepsCount":8,"shouldDisplayMessage":false,"attachmentsCount":12,"hasContent":true,"attachmentStep":false},"afterStages":[],"labels":[{"name":"package","value":"tests.api.PersonControllerTest"},{"name":"testClass","value":"tests.api.PersonControllerTest"},{"name":"testMethod","value":"userBuyCarAmountEqualPrice"},{"name":"parentSuite","value":"PfDiplomaTeam1 All Tests"},{"name":"suite","value":"All Tests"},{"name":"subSuite","value":"tests.api.PersonControllerTest"},{"name":"host","value":"pkrvmubgrv54qmi"},{"name":"thread","value":"2655@pkrvmubgrv54qmi.main(1)"},{"name":"framework","value":"testng"},{"name":"language","value":"java"},{"name":"owner","value":"Zheltikov Vasiliy"},{"name":"feature","value":"person-controller"},{"name":"resultFormat","value":"allure2"}],"parameters":[],"links":[{"name":"http://82.142.167.37:4879/swagger-ui/index.html#/","type":"custom"}],"hidden":false,"retry":false,"extra":{"severity":"normal","owner":"Zheltikov Vasiliy","retries":[{"uid":"5c1a06e324a709c1","status":"skipped","statusDetails":"Cannot invoke \"java.sql.Statement.executeQuery(String)\" because \"this.statement\" is null","time":{"start":1755377428977,"stop":1755377431513,"duration":2536}},{"uid":"2cd000fc8a6d6561","status":"skipped","statusDetails":"Cannot invoke \"java.sql.Statement.executeQuery(String)\" because \"this.statement\" is null","time":{"start":1755377426430,"stop":1755377428976,"duration":2546}},{"uid":"94315e1555199893","status":"skipped","statusDetails":"Cannot invoke \"java.sql.Statement.executeQuery(String)\" because \"this.statement\" is null","time":{"start":1755377423865,"stop":1755377426428,"duration":2563}}],"categories":[{"name":"Test defects","matchedStatuses":[],"flaky":false}],"tags":[]},"source":"769bec8b56a051e1.json","parameterValues":[]}