{"uid":"8ba9e9f0e428e23d","name":"Нарушение контракта POST /user/{userId}","fullName":"tests.api.PersonControllerTest.buyOrSellCarByUserIdCarIdWrongMethod","historyId":"8e40835af460dd3504363bb263c7ff2f","time":{"start":1755383921188,"stop":1755383923139,"duration":1951},"description":"Проверка API метода POST: выполнение запроса с неверным методом","descriptionHtml":"<p>Проверка API метода POST: выполнение запроса с неверным методом</p>\n","status":"skipped","statusMessage":"1 expectation failed.\nExpected status code <405> but was <404>.\n","statusTrace":"java.lang.AssertionError: 1 expectation failed.\nExpected status code <405> but was <404>.\n\n\tat java.base/jdk.internal.reflect.NativeConstructorAccessorImpl.newInstance0(Native Method)\n\tat java.base/jdk.internal.reflect.NativeConstructorAccessorImpl.newInstance(NativeConstructorAccessorImpl.java:77)\n\tat java.base/jdk.internal.reflect.DelegatingConstructorAccessorImpl.newInstance(DelegatingConstructorAccessorImpl.java:45)\n\tat java.base/java.lang.reflect.Constructor.newInstanceWithCaller(Constructor.java:500)\n\tat java.base/java.lang.reflect.Constructor.newInstance(Constructor.java:481)\n\tat org.codehaus.groovy.reflection.CachedConstructor.invoke(CachedConstructor.java:73)\n\tat org.codehaus.groovy.runtime.callsite.ConstructorSite$ConstructorSiteNoUnwrapNoCoerce.callConstructor(ConstructorSite.java:108)\n\tat org.codehaus.groovy.runtime.callsite.CallSiteArray.defaultCallConstructor(CallSiteArray.java:57)\n\tat org.codehaus.groovy.runtime.callsite.AbstractCallSite.callConstructor(AbstractCallSite.java:263)\n\tat org.codehaus.groovy.runtime.callsite.AbstractCallSite.callConstructor(AbstractCallSite.java:277)\n\tat io.restassured.internal.ResponseSpecificationImpl$HamcrestAssertionClosure.validate(ResponseSpecificationImpl.groovy:512)\n\tat io.restassured.internal.ResponseSpecificationImpl$HamcrestAssertionClosure$validate$1.call(Unknown Source)\n\tat io.restassured.internal.ResponseSpecificationImpl.validateResponseIfRequired(ResponseSpecificationImpl.groovy:696)\n\tat io.restassured.internal.ResponseSpecificationImpl.this$2$validateResponseIfRequired(ResponseSpecificationImpl.groovy)\n\tat jdk.internal.reflect.GeneratedMethodAccessor165.invoke(Unknown Source)\n\tat java.base/jdk.internal.reflect.DelegatingMethodAccessorImpl.invoke(DelegatingMethodAccessorImpl.java:43)\n\tat java.base/java.lang.reflect.Method.invoke(Method.java:569)\n\tat org.codehaus.groovy.runtime.callsite.PlainObjectMetaMethodSite.doInvoke(PlainObjectMetaMethodSite.java:43)\n\tat org.codehaus.groovy.runtime.callsite.PogoMetaMethodSite$PogoCachedMethodSiteNoUnwrapNoCoerce.invoke(PogoMetaMethodSite.java:198)\n\tat org.codehaus.groovy.runtime.callsite.PogoMetaMethodSite.callCurrent(PogoMetaMethodSite.java:62)\n\tat org.codehaus.groovy.runtime.callsite.AbstractCallSite.callCurrent(AbstractCallSite.java:185)\n\tat io.restassured.internal.ResponseSpecificationImpl.statusCode(ResponseSpecificationImpl.groovy:135)\n\tat io.restassured.specification.ResponseSpecification$statusCode$0.callCurrent(Unknown Source)\n\tat io.restassured.internal.ResponseSpecificationImpl.statusCode(ResponseSpecificationImpl.groovy:143)\n\tat io.restassured.internal.ValidatableResponseOptionsImpl.statusCode(ValidatableResponseOptionsImpl.java:89)\n\tat adapters.UsersAdapter.buyOrSellCarByUserIdCarIdWrongMethod(UsersAdapter.java:225)\n\tat tests.api.PersonControllerTest.buyOrSellCarByUserIdCarIdWrongMethod(PersonControllerTest.java:574)\n\tat java.base/jdk.internal.reflect.NativeMethodAccessorImpl.invoke0(Native Method)\n\tat java.base/jdk.internal.reflect.NativeMethodAccessorImpl.invoke(NativeMethodAccessorImpl.java:77)\n\tat java.base/jdk.internal.reflect.DelegatingMethodAccessorImpl.invoke(DelegatingMethodAccessorImpl.java:43)\n\tat java.base/java.lang.reflect.Method.invoke(Method.java:569)\n\tat org.testng.internal.invokers.MethodInvocationHelper.invokeMethod(MethodInvocationHelper.java:141)\n\tat org.testng.internal.invokers.TestInvoker.invokeMethod(TestInvoker.java:687)\n\tat org.testng.internal.invokers.TestInvoker.invokeTestMethod(TestInvoker.java:230)\n\tat org.testng.internal.invokers.MethodRunner.runInSequence(MethodRunner.java:63)\n\tat org.testng.internal.invokers.TestInvoker$MethodInvocationAgent.invoke(TestInvoker.java:995)\n\tat org.testng.internal.invokers.TestInvoker.invokeTestMethods(TestInvoker.java:203)\n\tat org.testng.internal.invokers.TestMethodWorker.invokeTestMethods(TestMethodWorker.java:154)\n\tat org.testng.internal.invokers.TestMethodWorker.run(TestMethodWorker.java:134)\n\tat java.base/java.util.ArrayList.forEach(ArrayList.java:1511)\n\tat org.testng.TestRunner.privateRun(TestRunner.java:741)\n\tat org.testng.TestRunner.run(TestRunner.java:616)\n\tat org.testng.SuiteRunner.runTest(SuiteRunner.java:421)\n\tat org.testng.SuiteRunner.runSequentially(SuiteRunner.java:413)\n\tat org.testng.SuiteRunner.privateRun(SuiteRunner.java:373)\n\tat org.testng.SuiteRunner.run(SuiteRunner.java:312)\n\tat org.testng.SuiteRunnerWorker.runSuite(SuiteRunnerWorker.java:52)\n\tat org.testng.SuiteRunnerWorker.run(SuiteRunnerWorker.java:95)\n\tat org.testng.TestNG.runSuitesSequentially(TestNG.java:1274)\n\tat org.testng.TestNG.runSuitesLocally(TestNG.java:1208)\n\tat org.testng.TestNG.runSuites(TestNG.java:1112)\n\tat org.testng.TestNG.run(TestNG.java:1079)\n\tat org.apache.maven.surefire.testng.TestNGExecutor.run(TestNGExecutor.java:308)\n\tat org.apache.maven.surefire.testng.TestNGXmlTestSuite.execute(TestNGXmlTestSuite.java:71)\n\tat org.apache.maven.surefire.testng.TestNGProvider.invoke(TestNGProvider.java:113)\n\tat org.apache.maven.surefire.booter.ForkedBooter.runSuitesInProcess(ForkedBooter.java:385)\n\tat org.apache.maven.surefire.booter.ForkedBooter.execute(ForkedBooter.java:162)\n\tat org.apache.maven.surefire.booter.ForkedBooter.run(ForkedBooter.java:507)\n\tat org.apache.maven.surefire.booter.ForkedBooter.main(ForkedBooter.java:495)\n","flaky":false,"newFailed":false,"newBroken":false,"newPassed":false,"retriesCount":0,"retriesStatusChange":false,"beforeStages":[],"testStage":{"description":"Проверка API метода POST: выполнение запроса с неверным методом","status":"skipped","statusMessage":"1 expectation failed.\nExpected status code <405> but was <404>.\n","statusTrace":"java.lang.AssertionError: 1 expectation failed.\nExpected status code <405> but was <404>.\n\n\tat java.base/jdk.internal.reflect.NativeConstructorAccessorImpl.newInstance0(Native Method)\n\tat java.base/jdk.internal.reflect.NativeConstructorAccessorImpl.newInstance(NativeConstructorAccessorImpl.java:77)\n\tat java.base/jdk.internal.reflect.DelegatingConstructorAccessorImpl.newInstance(DelegatingConstructorAccessorImpl.java:45)\n\tat java.base/java.lang.reflect.Constructor.newInstanceWithCaller(Constructor.java:500)\n\tat java.base/java.lang.reflect.Constructor.newInstance(Constructor.java:481)\n\tat org.codehaus.groovy.reflection.CachedConstructor.invoke(CachedConstructor.java:73)\n\tat org.codehaus.groovy.runtime.callsite.ConstructorSite$ConstructorSiteNoUnwrapNoCoerce.callConstructor(ConstructorSite.java:108)\n\tat org.codehaus.groovy.runtime.callsite.CallSiteArray.defaultCallConstructor(CallSiteArray.java:57)\n\tat org.codehaus.groovy.runtime.callsite.AbstractCallSite.callConstructor(AbstractCallSite.java:263)\n\tat org.codehaus.groovy.runtime.callsite.AbstractCallSite.callConstructor(AbstractCallSite.java:277)\n\tat io.restassured.internal.ResponseSpecificationImpl$HamcrestAssertionClosure.validate(ResponseSpecificationImpl.groovy:512)\n\tat io.restassured.internal.ResponseSpecificationImpl$HamcrestAssertionClosure$validate$1.call(Unknown Source)\n\tat io.restassured.internal.ResponseSpecificationImpl.validateResponseIfRequired(ResponseSpecificationImpl.groovy:696)\n\tat io.restassured.internal.ResponseSpecificationImpl.this$2$validateResponseIfRequired(ResponseSpecificationImpl.groovy)\n\tat jdk.internal.reflect.GeneratedMethodAccessor165.invoke(Unknown Source)\n\tat java.base/jdk.internal.reflect.DelegatingMethodAccessorImpl.invoke(DelegatingMethodAccessorImpl.java:43)\n\tat java.base/java.lang.reflect.Method.invoke(Method.java:569)\n\tat org.codehaus.groovy.runtime.callsite.PlainObjectMetaMethodSite.doInvoke(PlainObjectMetaMethodSite.java:43)\n\tat org.codehaus.groovy.runtime.callsite.PogoMetaMethodSite$PogoCachedMethodSiteNoUnwrapNoCoerce.invoke(PogoMetaMethodSite.java:198)\n\tat org.codehaus.groovy.runtime.callsite.PogoMetaMethodSite.callCurrent(PogoMetaMethodSite.java:62)\n\tat org.codehaus.groovy.runtime.callsite.AbstractCallSite.callCurrent(AbstractCallSite.java:185)\n\tat io.restassured.internal.ResponseSpecificationImpl.statusCode(ResponseSpecificationImpl.groovy:135)\n\tat io.restassured.specification.ResponseSpecification$statusCode$0.callCurrent(Unknown Source)\n\tat io.restassured.internal.ResponseSpecificationImpl.statusCode(ResponseSpecificationImpl.groovy:143)\n\tat io.restassured.internal.ValidatableResponseOptionsImpl.statusCode(ValidatableResponseOptionsImpl.java:89)\n\tat adapters.UsersAdapter.buyOrSellCarByUserIdCarIdWrongMethod(UsersAdapter.java:225)\n\tat tests.api.PersonControllerTest.buyOrSellCarByUserIdCarIdWrongMethod(PersonControllerTest.java:574)\n\tat java.base/jdk.internal.reflect.NativeMethodAccessorImpl.invoke0(Native Method)\n\tat java.base/jdk.internal.reflect.NativeMethodAccessorImpl.invoke(NativeMethodAccessorImpl.java:77)\n\tat java.base/jdk.internal.reflect.DelegatingMethodAccessorImpl.invoke(DelegatingMethodAccessorImpl.java:43)\n\tat java.base/java.lang.reflect.Method.invoke(Method.java:569)\n\tat org.testng.internal.invokers.MethodInvocationHelper.invokeMethod(MethodInvocationHelper.java:141)\n\tat org.testng.internal.invokers.TestInvoker.invokeMethod(TestInvoker.java:687)\n\tat org.testng.internal.invokers.TestInvoker.invokeTestMethod(TestInvoker.java:230)\n\tat org.testng.internal.invokers.MethodRunner.runInSequence(MethodRunner.java:63)\n\tat org.testng.internal.invokers.TestInvoker$MethodInvocationAgent.invoke(TestInvoker.java:995)\n\tat org.testng.internal.invokers.TestInvoker.invokeTestMethods(TestInvoker.java:203)\n\tat org.testng.internal.invokers.TestMethodWorker.invokeTestMethods(TestMethodWorker.java:154)\n\tat org.testng.internal.invokers.TestMethodWorker.run(TestMethodWorker.java:134)\n\tat java.base/java.util.ArrayList.forEach(ArrayList.java:1511)\n\tat org.testng.TestRunner.privateRun(TestRunner.java:741)\n\tat org.testng.TestRunner.run(TestRunner.java:616)\n\tat org.testng.SuiteRunner.runTest(SuiteRunner.java:421)\n\tat org.testng.SuiteRunner.runSequentially(SuiteRunner.java:413)\n\tat org.testng.SuiteRunner.privateRun(SuiteRunner.java:373)\n\tat org.testng.SuiteRunner.run(SuiteRunner.java:312)\n\tat org.testng.SuiteRunnerWorker.runSuite(SuiteRunnerWorker.java:52)\n\tat org.testng.SuiteRunnerWorker.run(SuiteRunnerWorker.java:95)\n\tat org.testng.TestNG.runSuitesSequentially(TestNG.java:1274)\n\tat org.testng.TestNG.runSuitesLocally(TestNG.java:1208)\n\tat org.testng.TestNG.runSuites(TestNG.java:1112)\n\tat org.testng.TestNG.run(TestNG.java:1079)\n\tat org.apache.maven.surefire.testng.TestNGExecutor.run(TestNGExecutor.java:308)\n\tat org.apache.maven.surefire.testng.TestNGXmlTestSuite.execute(TestNGXmlTestSuite.java:71)\n\tat org.apache.maven.surefire.testng.TestNGProvider.invoke(TestNGProvider.java:113)\n\tat org.apache.maven.surefire.booter.ForkedBooter.runSuitesInProcess(ForkedBooter.java:385)\n\tat org.apache.maven.surefire.booter.ForkedBooter.execute(ForkedBooter.java:162)\n\tat org.apache.maven.surefire.booter.ForkedBooter.run(ForkedBooter.java:507)\n\tat org.apache.maven.surefire.booter.ForkedBooter.main(ForkedBooter.java:495)\n","steps":[{"name":"Создание пользователя","time":{"start":1755383921188,"stop":1755383921817,"duration":629},"status":"passed","steps":[{"name":"Получение токена","time":{"start":1755383921189,"stop":1755383921551,"duration":362},"status":"passed","steps":[],"attachments":[{"uid":"c7bbd0c683ba0264","name":"Запрос","source":"c7bbd0c683ba0264.html","type":"text/html","size":604},{"uid":"a691ef837ca0461c","name":"Ответ","source":"a691ef837ca0461c.html","type":"text/html","size":965}],"parameters":[],"stepsCount":0,"shouldDisplayMessage":false,"attachmentsCount":2,"hasContent":true,"attachmentStep":false}],"attachments":[{"uid":"392095b6cff00c0f","name":"Запрос","source":"392095b6cff00c0f.html","type":"text/html","size":1282},{"uid":"7d1aad82999f549","name":"Ответ","source":"7d1aad82999f549.html","type":"text/html","size":933}],"parameters":[{"name":"user","value":"UserRequest(id=null, firstName=Vita, secondName=West, age=44, sex=MALE, money=80084.66)"},{"name":"statusCode","value":"201"}],"stepsCount":1,"shouldDisplayMessage":false,"attachmentsCount":4,"hasContent":true,"attachmentStep":false},{"name":"POST запрос на создание машины: Car(id=null, engineType=Gasoline, mark=Volvo, model=S60, price=53008.06)","time":{"start":1755383921817,"stop":1755383922437,"duration":620},"status":"passed","steps":[{"name":"Получение токена","time":{"start":1755383921818,"stop":1755383922170,"duration":352},"status":"passed","steps":[],"attachments":[{"uid":"1acab96852c545ce","name":"Запрос","source":"1acab96852c545ce.html","type":"text/html","size":604},{"uid":"3d11b1804bbea44a","name":"Ответ","source":"3d11b1804bbea44a.html","type":"text/html","size":965}],"parameters":[],"stepsCount":0,"shouldDisplayMessage":false,"attachmentsCount":2,"hasContent":true,"attachmentStep":false}],"attachments":[{"uid":"be2e350a25f52777","name":"Запрос","source":"be2e350a25f52777.html","type":"text/html","size":1232},{"uid":"cada4c4dc5d7c8fa","name":"Ответ","source":"cada4c4dc5d7c8fa.html","type":"text/html","size":909}],"parameters":[{"name":"car","value":"Car(id=null, engineType=Gasoline, mark=Volvo, model=S60, price=53008.06)"}],"stepsCount":1,"shouldDisplayMessage":false,"attachmentsCount":4,"hasContent":true,"attachmentStep":false},{"name":"Покупка/продажа авто 4126 пользователем 9074 с неверным методом запроса","time":{"start":1755383922437,"stop":1755383923139,"duration":702},"status":"failed","statusMessage":"1 expectation failed.\nExpected status code <405> but was <404>.\n","statusTrace":"java.lang.AssertionError: 1 expectation failed.\nExpected status code <405> but was <404>.\n\n\tat java.base/jdk.internal.reflect.NativeConstructorAccessorImpl.newInstance0(Native Method)\n\tat java.base/jdk.internal.reflect.NativeConstructorAccessorImpl.newInstance(NativeConstructorAccessorImpl.java:77)\n\tat java.base/jdk.internal.reflect.DelegatingConstructorAccessorImpl.newInstance(DelegatingConstructorAccessorImpl.java:45)\n\tat java.base/java.lang.reflect.Constructor.newInstanceWithCaller(Constructor.java:500)\n\tat java.base/java.lang.reflect.Constructor.newInstance(Constructor.java:481)\n\tat org.codehaus.groovy.reflection.CachedConstructor.invoke(CachedConstructor.java:73)\n\tat org.codehaus.groovy.runtime.callsite.ConstructorSite$ConstructorSiteNoUnwrapNoCoerce.callConstructor(ConstructorSite.java:108)\n\tat org.codehaus.groovy.runtime.callsite.CallSiteArray.defaultCallConstructor(CallSiteArray.java:57)\n\tat org.codehaus.groovy.runtime.callsite.AbstractCallSite.callConstructor(AbstractCallSite.java:263)\n\tat org.codehaus.groovy.runtime.callsite.AbstractCallSite.callConstructor(AbstractCallSite.java:277)\n\tat io.restassured.internal.ResponseSpecificationImpl$HamcrestAssertionClosure.validate(ResponseSpecificationImpl.groovy:512)\n\tat io.restassured.internal.ResponseSpecificationImpl$HamcrestAssertionClosure$validate$1.call(Unknown Source)\n\tat io.restassured.internal.ResponseSpecificationImpl.validateResponseIfRequired(ResponseSpecificationImpl.groovy:696)\n\tat io.restassured.internal.ResponseSpecificationImpl.this$2$validateResponseIfRequired(ResponseSpecificationImpl.groovy)\n\tat jdk.internal.reflect.GeneratedMethodAccessor165.invoke(Unknown Source)\n\tat java.base/jdk.internal.reflect.DelegatingMethodAccessorImpl.invoke(DelegatingMethodAccessorImpl.java:43)\n\tat java.base/java.lang.reflect.Method.invoke(Method.java:569)\n\tat org.codehaus.groovy.runtime.callsite.PlainObjectMetaMethodSite.doInvoke(PlainObjectMetaMethodSite.java:43)\n\tat org.codehaus.groovy.runtime.callsite.PogoMetaMethodSite$PogoCachedMethodSiteNoUnwrapNoCoerce.invoke(PogoMetaMethodSite.java:198)\n\tat org.codehaus.groovy.runtime.callsite.PogoMetaMethodSite.callCurrent(PogoMetaMethodSite.java:62)\n\tat org.codehaus.groovy.runtime.callsite.AbstractCallSite.callCurrent(AbstractCallSite.java:185)\n\tat io.restassured.internal.ResponseSpecificationImpl.statusCode(ResponseSpecificationImpl.groovy:135)\n\tat io.restassured.specification.ResponseSpecification$statusCode$0.callCurrent(Unknown Source)\n\tat io.restassured.internal.ResponseSpecificationImpl.statusCode(ResponseSpecificationImpl.groovy:143)\n\tat io.restassured.internal.ValidatableResponseOptionsImpl.statusCode(ValidatableResponseOptionsImpl.java:89)\n\tat adapters.UsersAdapter.buyOrSellCarByUserIdCarIdWrongMethod(UsersAdapter.java:225)\n\tat tests.api.PersonControllerTest.buyOrSellCarByUserIdCarIdWrongMethod(PersonControllerTest.java:574)\n\tat java.base/jdk.internal.reflect.NativeMethodAccessorImpl.invoke0(Native Method)\n\tat java.base/jdk.internal.reflect.NativeMethodAccessorImpl.invoke(NativeMethodAccessorImpl.java:77)\n\tat java.base/jdk.internal.reflect.DelegatingMethodAccessorImpl.invoke(DelegatingMethodAccessorImpl.java:43)\n\tat java.base/java.lang.reflect.Method.invoke(Method.java:569)\n\tat org.testng.internal.invokers.MethodInvocationHelper.invokeMethod(MethodInvocationHelper.java:141)\n\tat org.testng.internal.invokers.TestInvoker.invokeMethod(TestInvoker.java:687)\n\tat org.testng.internal.invokers.TestInvoker.invokeTestMethod(TestInvoker.java:230)\n\tat org.testng.internal.invokers.MethodRunner.runInSequence(MethodRunner.java:63)\n\tat org.testng.internal.invokers.TestInvoker$MethodInvocationAgent.invoke(TestInvoker.java:995)\n\tat org.testng.internal.invokers.TestInvoker.invokeTestMethods(TestInvoker.java:203)\n\tat org.testng.internal.invokers.TestMethodWorker.invokeTestMethods(TestMethodWorker.java:154)\n\tat org.testng.internal.invokers.TestMethodWorker.run(TestMethodWorker.java:134)\n\tat java.base/java.util.ArrayList.forEach(ArrayList.java:1511)\n\tat org.testng.TestRunner.privateRun(TestRunner.java:741)\n\tat org.testng.TestRunner.run(TestRunner.java:616)\n\tat org.testng.SuiteRunner.runTest(SuiteRunner.java:421)\n\tat org.testng.SuiteRunner.runSequentially(SuiteRunner.java:413)\n\tat org.testng.SuiteRunner.privateRun(SuiteRunner.java:373)\n\tat org.testng.SuiteRunner.run(SuiteRunner.java:312)\n\tat org.testng.SuiteRunnerWorker.runSuite(SuiteRunnerWorker.java:52)\n\tat org.testng.SuiteRunnerWorker.run(SuiteRunnerWorker.java:95)\n\tat org.testng.TestNG.runSuitesSequentially(TestNG.java:1274)\n\tat org.testng.TestNG.runSuitesLocally(TestNG.java:1208)\n\tat org.testng.TestNG.runSuites(TestNG.java:1112)\n\tat org.testng.TestNG.run(TestNG.java:1079)\n\tat org.apache.maven.surefire.testng.TestNGExecutor.run(TestNGExecutor.java:308)\n\tat org.apache.maven.surefire.testng.TestNGXmlTestSuite.execute(TestNGXmlTestSuite.java:71)\n\tat org.apache.maven.surefire.testng.TestNGProvider.invoke(TestNGProvider.java:113)\n\tat org.apache.maven.surefire.booter.ForkedBooter.runSuitesInProcess(ForkedBooter.java:385)\n\tat org.apache.maven.surefire.booter.ForkedBooter.execute(ForkedBooter.java:162)\n\tat org.apache.maven.surefire.booter.ForkedBooter.run(ForkedBooter.java:507)\n\tat org.apache.maven.surefire.booter.ForkedBooter.main(ForkedBooter.java:495)\n","steps":[{"name":"Получение токена","time":{"start":1755383922438,"stop":1755383922795,"duration":357},"status":"passed","steps":[],"attachments":[{"uid":"394710efba32b0a6","name":"Запрос","source":"394710efba32b0a6.html","type":"text/html","size":604},{"uid":"c6c24af3b8dd802a","name":"Ответ","source":"c6c24af3b8dd802a.html","type":"text/html","size":965}],"parameters":[],"stepsCount":0,"shouldDisplayMessage":false,"attachmentsCount":2,"hasContent":true,"attachmentStep":false}],"attachments":[{"uid":"a762673278c03676","name":"Запрос","source":"a762673278c03676.html","type":"text/html","size":926},{"uid":"f8b6cdeba74a9e48","name":"Ответ","source":"f8b6cdeba74a9e48.html","type":"text/html","size":658}],"parameters":[{"name":"userId","value":"9074"},{"name":"carId","value":"4126"},{"name":"option","value":"sell"},{"name":"statusCode","value":"405"}],"stepsCount":1,"shouldDisplayMessage":true,"attachmentsCount":4,"hasContent":true,"attachmentStep":false}],"attachments":[],"parameters":[],"stepsCount":6,"shouldDisplayMessage":false,"attachmentsCount":12,"hasContent":true,"attachmentStep":false},"afterStages":[],"labels":[{"name":"package","value":"tests.api.PersonControllerTest"},{"name":"testClass","value":"tests.api.PersonControllerTest"},{"name":"testMethod","value":"buyOrSellCarByUserIdCarIdWrongMethod"},{"name":"parentSuite","value":"PfDiplomaTeam1 All Tests"},{"name":"suite","value":"All Tests"},{"name":"subSuite","value":"tests.api.PersonControllerTest"},{"name":"host","value":"pkrvmubgrv54qmi"},{"name":"thread","value":"2636@pkrvmubgrv54qmi.main(1)"},{"name":"framework","value":"testng"},{"name":"language","value":"java"},{"name":"owner","value":"Zheltikov Vasiliy"},{"name":"feature","value":"person-controller"},{"name":"resultFormat","value":"allure2"}],"parameters":[],"links":[{"name":"http://82.142.167.37:4879/swagger-ui/index.html#/","type":"custom"}],"hidden":true,"retry":true,"extra":{"categories":[],"tags":[]},"source":"8ba9e9f0e428e23d.json","parameterValues":[]}