{"uid":"a6af86bd5793276b","name":"Проверка ошибок при удалении","fullName":"tests.ui.AllDeleteTest.notValidAddMoney","historyId":"e2b9b4a0ae4d348da0fb6946d03ece9f","time":{"start":1755378655456,"stop":1755378669528,"duration":14072},"description":"Проверка ошибок  при удалении","descriptionHtml":"<p>Проверка ошибок  при удалении</p>\n","status":"failed","statusMessage":"Element not found {By.xpath: //button[@value = 'user']}\nExpected: visible\nScreenshot: file:/home/runner/work/PfDiplomaTeam1/PfDiplomaTeam1/build/reports/tests/1755378669421.235.png\nPage source: file:/home/runner/work/PfDiplomaTeam1/PfDiplomaTeam1/build/reports/tests/1755378669421.235.html\nTimeout: 10 s.\nCaused by: NoSuchElementException: no such element: Unable to locate element: {\"method\":\"xpath\",\"selector\":\"//button[@value = 'user']\"}","statusTrace":"Element not found {By.xpath: //button[@value = 'user']}\nExpected: visible\nScreenshot: file:/home/runner/work/PfDiplomaTeam1/PfDiplomaTeam1/build/reports/tests/1755378669421.235.png\nPage source: file:/home/runner/work/PfDiplomaTeam1/PfDiplomaTeam1/build/reports/tests/1755378669421.235.html\nTimeout: 10 s.\nCaused by: NoSuchElementException: no such element: Unable to locate element: {\"method\":\"xpath\",\"selector\":\"//button[@value = 'user']\"}\n\tat com.codeborne.selenide.impl.WebElementSource.createElementNotFoundError(WebElementSource.java:89)\n\tat com.codeborne.selenide.impl.ElementFinder.createElementNotFoundError(ElementFinder.java:129)\n\tat com.codeborne.selenide.impl.WebElementSource.handleError(WebElementSource.java:140)\n\tat com.codeborne.selenide.impl.WebElementSource.checkConditionAndReturnElement(WebElementSource.java:123)\n\tat com.codeborne.selenide.impl.WebElementSource.checkCondition(WebElementSource.java:99)\n\tat com.codeborne.selenide.commands.Should.execute(Should.java:24)\n\tat com.codeborne.selenide.FluentCommand.execute(FluentCommand.java:27)\n\tat com.codeborne.selenide.FluentCommand.execute(FluentCommand.java:19)\n\tat com.codeborne.selenide.commands.Commands.execute(Commands.java:160)\n\tat com.codeborne.selenide.impl.SelenideElementProxy.dispatchAndRetry(SelenideElementProxy.java:131)\n\tat com.codeborne.selenide.impl.SelenideElementProxy.invoke(SelenideElementProxy.java:83)\n\tat jdk.proxy2/jdk.proxy2.$Proxy33.shouldBe(Unknown Source)\n\tat pages.AllDeletePage.isPageOpened(AllDeletePage.java:29)\n\tat tests.ui.AllDeleteTest.notValidAddMoney(AllDeleteTest.java:44)\n\tat java.base/jdk.internal.reflect.NativeMethodAccessorImpl.invoke0(Native Method)\n\tat java.base/jdk.internal.reflect.NativeMethodAccessorImpl.invoke(NativeMethodAccessorImpl.java:77)\n\tat java.base/jdk.internal.reflect.DelegatingMethodAccessorImpl.invoke(DelegatingMethodAccessorImpl.java:43)\n\tat java.base/java.lang.reflect.Method.invoke(Method.java:569)\n\tat org.testng.internal.invokers.MethodInvocationHelper.invokeMethod(MethodInvocationHelper.java:141)\n\tat org.testng.internal.invokers.TestInvoker.invokeMethod(TestInvoker.java:687)\n\tat org.testng.internal.invokers.TestInvoker.retryFailed(TestInvoker.java:269)\n\tat org.testng.internal.invokers.MethodRunner.runInSequence(MethodRunner.java:76)\n\tat org.testng.internal.invokers.TestInvoker$MethodInvocationAgent.invoke(TestInvoker.java:995)\n\tat org.testng.internal.invokers.TestInvoker.invokeTestMethods(TestInvoker.java:203)\n\tat org.testng.internal.invokers.TestMethodWorker.invokeTestMethods(TestMethodWorker.java:154)\n\tat org.testng.internal.invokers.TestMethodWorker.run(TestMethodWorker.java:134)\n\tat java.base/java.util.ArrayList.forEach(ArrayList.java:1511)\n\tat org.testng.TestRunner.privateRun(TestRunner.java:741)\n\tat org.testng.TestRunner.run(TestRunner.java:616)\n\tat org.testng.SuiteRunner.runTest(SuiteRunner.java:421)\n\tat org.testng.SuiteRunner.runSequentially(SuiteRunner.java:413)\n\tat org.testng.SuiteRunner.privateRun(SuiteRunner.java:373)\n\tat org.testng.SuiteRunner.run(SuiteRunner.java:312)\n\tat org.testng.SuiteRunnerWorker.runSuite(SuiteRunnerWorker.java:52)\n\tat org.testng.SuiteRunnerWorker.run(SuiteRunnerWorker.java:95)\n\tat org.testng.TestNG.runSuitesSequentially(TestNG.java:1274)\n\tat org.testng.TestNG.runSuitesLocally(TestNG.java:1208)\n\tat org.testng.TestNG.runSuites(TestNG.java:1112)\n\tat org.testng.TestNG.run(TestNG.java:1079)\n\tat org.apache.maven.surefire.testng.TestNGExecutor.run(TestNGExecutor.java:308)\n\tat org.apache.maven.surefire.testng.TestNGXmlTestSuite.execute(TestNGXmlTestSuite.java:71)\n\tat org.apache.maven.surefire.testng.TestNGProvider.invoke(TestNGProvider.java:113)\n\tat org.apache.maven.surefire.booter.ForkedBooter.runSuitesInProcess(ForkedBooter.java:385)\n\tat org.apache.maven.surefire.booter.ForkedBooter.execute(ForkedBooter.java:162)\n\tat org.apache.maven.surefire.booter.ForkedBooter.run(ForkedBooter.java:507)\n\tat org.apache.maven.surefire.booter.ForkedBooter.main(ForkedBooter.java:495)\nCaused by: org.openqa.selenium.NoSuchElementException: no such element: Unable to locate element: {\"method\":\"xpath\",\"selector\":\"//button[@value = 'user']\"}\n  (Session info: chrome=139.0.7258.66)\nFor documentation on this error, please visit: https://www.selenium.dev/documentation/webdriver/troubleshooting/errors#no-such-element-exception\nBuild info: version: '4.33.0', revision: '2c6aaad03a'\nSystem info: os.name: 'Linux', os.arch: 'amd64', os.version: '6.11.0-1018-azure', java.version: '17.0.16'\nDriver info: org.openqa.selenium.chrome.ChromeDriver\nCommand: [4b798aa21575c195f0b2d5e165da9909, findElement {value=//button[@value = 'user'], using=xpath}]\nCapabilities {acceptInsecureCerts: true, browserName: chrome, browserVersion: 139.0.7258.66, chrome: {chromedriverVersion: 139.0.7258.66 (a62d32994769..., userDataDir: /tmp/.org.chromium.Chromium...}, fedcm:accounts: true, goog:chromeOptions: {debuggerAddress: localhost:44299}, networkConnectionEnabled: false, pageLoadStrategy: normal, platformName: linux, proxy: Proxy(), se:cdp: ws://localhost:44299/devtoo..., se:cdpVersion: 139.0.7258.66, setWindowRect: true, strictFileInteractability: false, timeouts: {implicit: 0, pageLoad: 300000, script: 30000}, unhandledPromptBehavior: accept, webauthn:extension:credBlob: true, webauthn:extension:largeBlob: true, webauthn:extension:minPinLength: true, webauthn:extension:prf: true, webauthn:virtualAuthenticators: true}\nSession ID: 4b798aa21575c195f0b2d5e165da9909\n\tat jdk.internal.reflect.GeneratedConstructorAccessor22.newInstance(Unknown Source)\n\tat java.base/jdk.internal.reflect.DelegatingConstructorAccessorImpl.newInstance(DelegatingConstructorAccessorImpl.java:45)\n\tat java.base/java.lang.reflect.Constructor.newInstanceWithCaller(Constructor.java:500)\n\tat java.base/java.lang.reflect.Constructor.newInstance(Constructor.java:481)\n\tat org.openqa.selenium.remote.ErrorCodec.decode(ErrorCodec.java:167)\n\tat org.openqa.selenium.remote.codec.w3c.W3CHttpResponseCodec.decode(W3CHttpResponseCodec.java:138)\n\tat org.openqa.selenium.remote.codec.w3c.W3CHttpResponseCodec.decode(W3CHttpResponseCodec.java:50)\n\tat org.openqa.selenium.remote.HttpCommandExecutor.execute(HttpCommandExecutor.java:215)\n\tat org.openqa.selenium.remote.service.DriverCommandExecutor.invokeExecute(DriverCommandExecutor.java:216)\n\tat org.openqa.selenium.remote.service.DriverCommandExecutor.execute(DriverCommandExecutor.java:174)\n\tat org.openqa.selenium.remote.RemoteWebDriver.execute(RemoteWebDriver.java:544)\n\tat org.openqa.selenium.remote.ElementLocation$ElementFinder$2.findElement(ElementLocation.java:165)\n\tat org.openqa.selenium.remote.ElementLocation.findElement(ElementLocation.java:59)\n\tat org.openqa.selenium.remote.RemoteWebDriver.findElement(RemoteWebDriver.java:367)\n\tat org.openqa.selenium.remote.RemoteWebDriver.findElement(RemoteWebDriver.java:361)\n\tat com.codeborne.selenide.impl.WebElementSelector.findElement(WebElementSelector.java:67)\n\tat com.codeborne.selenide.impl.WebElementSelector.findElement(WebElementSelector.java:38)\n\tat com.codeborne.selenide.impl.WebElementSelector.findElement(WebElementSelector.java:29)\n\tat com.codeborne.selenide.impl.ElementFinder.getWebElement(ElementFinder.java:113)\n\tat com.codeborne.selenide.impl.WebElementSource.checkConditionAndReturnElement(WebElementSource.java:112)\n\t... 42 more\n","flaky":false,"newFailed":false,"newBroken":false,"newPassed":false,"retriesCount":3,"retriesStatusChange":true,"beforeStages":[{"name":"setup","time":{"start":1755378655455,"stop":1755378655455,"duration":0},"description":"","status":"passed","steps":[],"attachments":[],"parameters":[],"stepsCount":0,"shouldDisplayMessage":false,"attachmentsCount":0,"hasContent":false,"attachmentStep":false}],"testStage":{"description":"Проверка ошибок  при удалении","status":"failed","statusMessage":"Element not found {By.xpath: //button[@value = 'user']}\nExpected: visible\nScreenshot: file:/home/runner/work/PfDiplomaTeam1/PfDiplomaTeam1/build/reports/tests/1755378669421.235.png\nPage source: file:/home/runner/work/PfDiplomaTeam1/PfDiplomaTeam1/build/reports/tests/1755378669421.235.html\nTimeout: 10 s.\nCaused by: NoSuchElementException: no such element: Unable to locate element: {\"method\":\"xpath\",\"selector\":\"//button[@value = 'user']\"}","statusTrace":"Element not found {By.xpath: //button[@value = 'user']}\nExpected: visible\nScreenshot: file:/home/runner/work/PfDiplomaTeam1/PfDiplomaTeam1/build/reports/tests/1755378669421.235.png\nPage source: file:/home/runner/work/PfDiplomaTeam1/PfDiplomaTeam1/build/reports/tests/1755378669421.235.html\nTimeout: 10 s.\nCaused by: NoSuchElementException: no such element: Unable to locate element: {\"method\":\"xpath\",\"selector\":\"//button[@value = 'user']\"}\n\tat com.codeborne.selenide.impl.WebElementSource.createElementNotFoundError(WebElementSource.java:89)\n\tat com.codeborne.selenide.impl.ElementFinder.createElementNotFoundError(ElementFinder.java:129)\n\tat com.codeborne.selenide.impl.WebElementSource.handleError(WebElementSource.java:140)\n\tat com.codeborne.selenide.impl.WebElementSource.checkConditionAndReturnElement(WebElementSource.java:123)\n\tat com.codeborne.selenide.impl.WebElementSource.checkCondition(WebElementSource.java:99)\n\tat com.codeborne.selenide.commands.Should.execute(Should.java:24)\n\tat com.codeborne.selenide.FluentCommand.execute(FluentCommand.java:27)\n\tat com.codeborne.selenide.FluentCommand.execute(FluentCommand.java:19)\n\tat com.codeborne.selenide.commands.Commands.execute(Commands.java:160)\n\tat com.codeborne.selenide.impl.SelenideElementProxy.dispatchAndRetry(SelenideElementProxy.java:131)\n\tat com.codeborne.selenide.impl.SelenideElementProxy.invoke(SelenideElementProxy.java:83)\n\tat jdk.proxy2/jdk.proxy2.$Proxy33.shouldBe(Unknown Source)\n\tat pages.AllDeletePage.isPageOpened(AllDeletePage.java:29)\n\tat tests.ui.AllDeleteTest.notValidAddMoney(AllDeleteTest.java:44)\n\tat java.base/jdk.internal.reflect.NativeMethodAccessorImpl.invoke0(Native Method)\n\tat java.base/jdk.internal.reflect.NativeMethodAccessorImpl.invoke(NativeMethodAccessorImpl.java:77)\n\tat java.base/jdk.internal.reflect.DelegatingMethodAccessorImpl.invoke(DelegatingMethodAccessorImpl.java:43)\n\tat java.base/java.lang.reflect.Method.invoke(Method.java:569)\n\tat org.testng.internal.invokers.MethodInvocationHelper.invokeMethod(MethodInvocationHelper.java:141)\n\tat org.testng.internal.invokers.TestInvoker.invokeMethod(TestInvoker.java:687)\n\tat org.testng.internal.invokers.TestInvoker.retryFailed(TestInvoker.java:269)\n\tat org.testng.internal.invokers.MethodRunner.runInSequence(MethodRunner.java:76)\n\tat org.testng.internal.invokers.TestInvoker$MethodInvocationAgent.invoke(TestInvoker.java:995)\n\tat org.testng.internal.invokers.TestInvoker.invokeTestMethods(TestInvoker.java:203)\n\tat org.testng.internal.invokers.TestMethodWorker.invokeTestMethods(TestMethodWorker.java:154)\n\tat org.testng.internal.invokers.TestMethodWorker.run(TestMethodWorker.java:134)\n\tat java.base/java.util.ArrayList.forEach(ArrayList.java:1511)\n\tat org.testng.TestRunner.privateRun(TestRunner.java:741)\n\tat org.testng.TestRunner.run(TestRunner.java:616)\n\tat org.testng.SuiteRunner.runTest(SuiteRunner.java:421)\n\tat org.testng.SuiteRunner.runSequentially(SuiteRunner.java:413)\n\tat org.testng.SuiteRunner.privateRun(SuiteRunner.java:373)\n\tat org.testng.SuiteRunner.run(SuiteRunner.java:312)\n\tat org.testng.SuiteRunnerWorker.runSuite(SuiteRunnerWorker.java:52)\n\tat org.testng.SuiteRunnerWorker.run(SuiteRunnerWorker.java:95)\n\tat org.testng.TestNG.runSuitesSequentially(TestNG.java:1274)\n\tat org.testng.TestNG.runSuitesLocally(TestNG.java:1208)\n\tat org.testng.TestNG.runSuites(TestNG.java:1112)\n\tat org.testng.TestNG.run(TestNG.java:1079)\n\tat org.apache.maven.surefire.testng.TestNGExecutor.run(TestNGExecutor.java:308)\n\tat org.apache.maven.surefire.testng.TestNGXmlTestSuite.execute(TestNGXmlTestSuite.java:71)\n\tat org.apache.maven.surefire.testng.TestNGProvider.invoke(TestNGProvider.java:113)\n\tat org.apache.maven.surefire.booter.ForkedBooter.runSuitesInProcess(ForkedBooter.java:385)\n\tat org.apache.maven.surefire.booter.ForkedBooter.execute(ForkedBooter.java:162)\n\tat org.apache.maven.surefire.booter.ForkedBooter.run(ForkedBooter.java:507)\n\tat org.apache.maven.surefire.booter.ForkedBooter.main(ForkedBooter.java:495)\nCaused by: org.openqa.selenium.NoSuchElementException: no such element: Unable to locate element: {\"method\":\"xpath\",\"selector\":\"//button[@value = 'user']\"}\n  (Session info: chrome=139.0.7258.66)\nFor documentation on this error, please visit: https://www.selenium.dev/documentation/webdriver/troubleshooting/errors#no-such-element-exception\nBuild info: version: '4.33.0', revision: '2c6aaad03a'\nSystem info: os.name: 'Linux', os.arch: 'amd64', os.version: '6.11.0-1018-azure', java.version: '17.0.16'\nDriver info: org.openqa.selenium.chrome.ChromeDriver\nCommand: [4b798aa21575c195f0b2d5e165da9909, findElement {value=//button[@value = 'user'], using=xpath}]\nCapabilities {acceptInsecureCerts: true, browserName: chrome, browserVersion: 139.0.7258.66, chrome: {chromedriverVersion: 139.0.7258.66 (a62d32994769..., userDataDir: /tmp/.org.chromium.Chromium...}, fedcm:accounts: true, goog:chromeOptions: {debuggerAddress: localhost:44299}, networkConnectionEnabled: false, pageLoadStrategy: normal, platformName: linux, proxy: Proxy(), se:cdp: ws://localhost:44299/devtoo..., se:cdpVersion: 139.0.7258.66, setWindowRect: true, strictFileInteractability: false, timeouts: {implicit: 0, pageLoad: 300000, script: 30000}, unhandledPromptBehavior: accept, webauthn:extension:credBlob: true, webauthn:extension:largeBlob: true, webauthn:extension:minPinLength: true, webauthn:extension:prf: true, webauthn:virtualAuthenticators: true}\nSession ID: 4b798aa21575c195f0b2d5e165da9909\n\tat jdk.internal.reflect.GeneratedConstructorAccessor22.newInstance(Unknown Source)\n\tat java.base/jdk.internal.reflect.DelegatingConstructorAccessorImpl.newInstance(DelegatingConstructorAccessorImpl.java:45)\n\tat java.base/java.lang.reflect.Constructor.newInstanceWithCaller(Constructor.java:500)\n\tat java.base/java.lang.reflect.Constructor.newInstance(Constructor.java:481)\n\tat org.openqa.selenium.remote.ErrorCodec.decode(ErrorCodec.java:167)\n\tat org.openqa.selenium.remote.codec.w3c.W3CHttpResponseCodec.decode(W3CHttpResponseCodec.java:138)\n\tat org.openqa.selenium.remote.codec.w3c.W3CHttpResponseCodec.decode(W3CHttpResponseCodec.java:50)\n\tat org.openqa.selenium.remote.HttpCommandExecutor.execute(HttpCommandExecutor.java:215)\n\tat org.openqa.selenium.remote.service.DriverCommandExecutor.invokeExecute(DriverCommandExecutor.java:216)\n\tat org.openqa.selenium.remote.service.DriverCommandExecutor.execute(DriverCommandExecutor.java:174)\n\tat org.openqa.selenium.remote.RemoteWebDriver.execute(RemoteWebDriver.java:544)\n\tat org.openqa.selenium.remote.ElementLocation$ElementFinder$2.findElement(ElementLocation.java:165)\n\tat org.openqa.selenium.remote.ElementLocation.findElement(ElementLocation.java:59)\n\tat org.openqa.selenium.remote.RemoteWebDriver.findElement(RemoteWebDriver.java:367)\n\tat org.openqa.selenium.remote.RemoteWebDriver.findElement(RemoteWebDriver.java:361)\n\tat com.codeborne.selenide.impl.WebElementSelector.findElement(WebElementSelector.java:67)\n\tat com.codeborne.selenide.impl.WebElementSelector.findElement(WebElementSelector.java:38)\n\tat com.codeborne.selenide.impl.WebElementSelector.findElement(WebElementSelector.java:29)\n\tat com.codeborne.selenide.impl.ElementFinder.getWebElement(ElementFinder.java:113)\n\tat com.codeborne.selenide.impl.WebElementSource.checkConditionAndReturnElement(WebElementSource.java:112)\n\t... 42 more\n","steps":[{"name":"Открытие страницы сайта","time":{"start":1755378655456,"stop":1755378657500,"duration":2044},"status":"passed","steps":[{"name":"$(\"open\") http://82.142.167.37:4881/","time":{"start":1755378655456,"stop":1755378657500,"duration":2044},"status":"passed","steps":[{"name":"$(\"webdriver\") create()","time":{"start":1755378655457,"stop":1755378655711,"duration":254},"status":"passed","steps":[],"attachments":[],"parameters":[],"stepsCount":0,"shouldDisplayMessage":false,"attachmentsCount":0,"hasContent":false,"attachmentStep":false}],"attachments":[],"parameters":[],"stepsCount":1,"shouldDisplayMessage":false,"attachmentsCount":0,"hasContent":true,"attachmentStep":false}],"attachments":[],"parameters":[],"stepsCount":2,"shouldDisplayMessage":false,"attachmentsCount":0,"hasContent":true,"attachmentStep":false},{"name":"Проверка открытия страницы сайта","time":{"start":1755378657500,"stop":1755378657518,"duration":18},"status":"passed","steps":[{"name":"$(\"By.xpath: //a[@class='dropdown-toggle nav-link' and text()='Users']\") should be(visible)","time":{"start":1755378657501,"stop":1755378657518,"duration":17},"status":"passed","steps":[],"attachments":[],"parameters":[],"stepsCount":0,"shouldDisplayMessage":false,"attachmentsCount":0,"hasContent":false,"attachmentStep":false}],"attachments":[],"parameters":[],"stepsCount":1,"shouldDisplayMessage":false,"attachmentsCount":0,"hasContent":true,"attachmentStep":false},{"name":"Авторизация email: , password ","time":{"start":1755378657518,"stop":1755378659178,"duration":1660},"status":"passed","steps":[{"name":"$(\"[placeholder='Enter your email...']\") val()","time":{"start":1755378657518,"stop":1755378657573,"duration":55},"status":"passed","steps":[],"attachments":[],"parameters":[],"stepsCount":0,"shouldDisplayMessage":false,"attachmentsCount":0,"hasContent":false,"attachmentStep":false},{"name":"$(\"[placeholder='Enter your password...']\") val()","time":{"start":1755378657573,"stop":1755378657615,"duration":42},"status":"passed","steps":[],"attachments":[],"parameters":[],"stepsCount":0,"shouldDisplayMessage":false,"attachmentsCount":0,"hasContent":false,"attachmentStep":false},{"name":"$(\".btn-primary\") click()","time":{"start":1755378657615,"stop":1755378657655,"duration":40},"status":"passed","steps":[],"attachments":[],"parameters":[],"stepsCount":0,"shouldDisplayMessage":false,"attachmentsCount":0,"hasContent":false,"attachmentStep":false}],"attachments":[],"parameters":[{"name":"email","value":""},{"name":"password","value":""}],"stepsCount":3,"shouldDisplayMessage":false,"attachmentsCount":0,"hasContent":true,"attachmentStep":false},{"name":"Клик по кнопкe: All DELETE","time":{"start":1755378659178,"stop":1755378659239,"duration":61},"status":"passed","steps":[{"name":"$(\"By.xpath: //a[@class='nav-link' and text()='All DELETE']\") click()","time":{"start":1755378659178,"stop":1755378659221,"duration":43},"status":"passed","steps":[],"attachments":[],"parameters":[],"stepsCount":0,"shouldDisplayMessage":false,"attachmentsCount":0,"hasContent":false,"attachmentStep":false},{"name":"$(\"window(index: 1)\") switch to()","time":{"start":1755378659221,"stop":1755378659238,"duration":17},"status":"passed","steps":[],"attachments":[],"parameters":[],"stepsCount":0,"shouldDisplayMessage":false,"attachmentsCount":0,"hasContent":false,"attachmentStep":false}],"attachments":[],"parameters":[],"stepsCount":2,"shouldDisplayMessage":false,"attachmentsCount":0,"hasContent":true,"attachmentStep":false},{"name":"Проверка открытия страницы All Delete","time":{"start":1755378659239,"stop":1755378669528,"duration":10289},"status":"failed","statusMessage":"Element not found {By.xpath: //button[@value = 'user']}\nExpected: visible\nScreenshot: file:/home/runner/work/PfDiplomaTeam1/PfDiplomaTeam1/build/reports/tests/1755378669421.235.png\nPage source: file:/home/runner/work/PfDiplomaTeam1/PfDiplomaTeam1/build/reports/tests/1755378669421.235.html\nTimeout: 10 s.\nCaused by: NoSuchElementException: no such element: Unable to locate element: {\"method\":\"xpath\",\"selector\":\"//button[@value = 'user']\"}","statusTrace":"Element not found {By.xpath: //button[@value = 'user']}\nExpected: visible\nScreenshot: file:/home/runner/work/PfDiplomaTeam1/PfDiplomaTeam1/build/reports/tests/1755378669421.235.png\nPage source: file:/home/runner/work/PfDiplomaTeam1/PfDiplomaTeam1/build/reports/tests/1755378669421.235.html\nTimeout: 10 s.\nCaused by: NoSuchElementException: no such element: Unable to locate element: {\"method\":\"xpath\",\"selector\":\"//button[@value = 'user']\"}\n\tat com.codeborne.selenide.impl.WebElementSource.createElementNotFoundError(WebElementSource.java:89)\n\tat com.codeborne.selenide.impl.ElementFinder.createElementNotFoundError(ElementFinder.java:129)\n\tat com.codeborne.selenide.impl.WebElementSource.handleError(WebElementSource.java:140)\n\tat com.codeborne.selenide.impl.WebElementSource.checkConditionAndReturnElement(WebElementSource.java:123)\n\tat com.codeborne.selenide.impl.WebElementSource.checkCondition(WebElementSource.java:99)\n\tat com.codeborne.selenide.commands.Should.execute(Should.java:24)\n\tat com.codeborne.selenide.FluentCommand.execute(FluentCommand.java:27)\n\tat com.codeborne.selenide.FluentCommand.execute(FluentCommand.java:19)\n\tat com.codeborne.selenide.commands.Commands.execute(Commands.java:160)\n\tat com.codeborne.selenide.impl.SelenideElementProxy.dispatchAndRetry(SelenideElementProxy.java:131)\n\tat com.codeborne.selenide.impl.SelenideElementProxy.invoke(SelenideElementProxy.java:83)\n\tat jdk.proxy2/jdk.proxy2.$Proxy33.shouldBe(Unknown Source)\n\tat pages.AllDeletePage.isPageOpened(AllDeletePage.java:29)\n\tat tests.ui.AllDeleteTest.notValidAddMoney(AllDeleteTest.java:44)\n\tat java.base/jdk.internal.reflect.NativeMethodAccessorImpl.invoke0(Native Method)\n\tat java.base/jdk.internal.reflect.NativeMethodAccessorImpl.invoke(NativeMethodAccessorImpl.java:77)\n\tat java.base/jdk.internal.reflect.DelegatingMethodAccessorImpl.invoke(DelegatingMethodAccessorImpl.java:43)\n\tat java.base/java.lang.reflect.Method.invoke(Method.java:569)\n\tat org.testng.internal.invokers.MethodInvocationHelper.invokeMethod(MethodInvocationHelper.java:141)\n\tat org.testng.internal.invokers.TestInvoker.invokeMethod(TestInvoker.java:687)\n\tat org.testng.internal.invokers.TestInvoker.retryFailed(TestInvoker.java:269)\n\tat org.testng.internal.invokers.MethodRunner.runInSequence(MethodRunner.java:76)\n\tat org.testng.internal.invokers.TestInvoker$MethodInvocationAgent.invoke(TestInvoker.java:995)\n\tat org.testng.internal.invokers.TestInvoker.invokeTestMethods(TestInvoker.java:203)\n\tat org.testng.internal.invokers.TestMethodWorker.invokeTestMethods(TestMethodWorker.java:154)\n\tat org.testng.internal.invokers.TestMethodWorker.run(TestMethodWorker.java:134)\n\tat java.base/java.util.ArrayList.forEach(ArrayList.java:1511)\n\tat org.testng.TestRunner.privateRun(TestRunner.java:741)\n\tat org.testng.TestRunner.run(TestRunner.java:616)\n\tat org.testng.SuiteRunner.runTest(SuiteRunner.java:421)\n\tat org.testng.SuiteRunner.runSequentially(SuiteRunner.java:413)\n\tat org.testng.SuiteRunner.privateRun(SuiteRunner.java:373)\n\tat org.testng.SuiteRunner.run(SuiteRunner.java:312)\n\tat org.testng.SuiteRunnerWorker.runSuite(SuiteRunnerWorker.java:52)\n\tat org.testng.SuiteRunnerWorker.run(SuiteRunnerWorker.java:95)\n\tat org.testng.TestNG.runSuitesSequentially(TestNG.java:1274)\n\tat org.testng.TestNG.runSuitesLocally(TestNG.java:1208)\n\tat org.testng.TestNG.runSuites(TestNG.java:1112)\n\tat org.testng.TestNG.run(TestNG.java:1079)\n\tat org.apache.maven.surefire.testng.TestNGExecutor.run(TestNGExecutor.java:308)\n\tat org.apache.maven.surefire.testng.TestNGXmlTestSuite.execute(TestNGXmlTestSuite.java:71)\n\tat org.apache.maven.surefire.testng.TestNGProvider.invoke(TestNGProvider.java:113)\n\tat org.apache.maven.surefire.booter.ForkedBooter.runSuitesInProcess(ForkedBooter.java:385)\n\tat org.apache.maven.surefire.booter.ForkedBooter.execute(ForkedBooter.java:162)\n\tat org.apache.maven.surefire.booter.ForkedBooter.run(ForkedBooter.java:507)\n\tat org.apache.maven.surefire.booter.ForkedBooter.main(ForkedBooter.java:495)\nCaused by: org.openqa.selenium.NoSuchElementException: no such element: Unable to locate element: {\"method\":\"xpath\",\"selector\":\"//button[@value = 'user']\"}\n  (Session info: chrome=139.0.7258.66)\nFor documentation on this error, please visit: https://www.selenium.dev/documentation/webdriver/troubleshooting/errors#no-such-element-exception\nBuild info: version: '4.33.0', revision: '2c6aaad03a'\nSystem info: os.name: 'Linux', os.arch: 'amd64', os.version: '6.11.0-1018-azure', java.version: '17.0.16'\nDriver info: org.openqa.selenium.chrome.ChromeDriver\nCommand: [4b798aa21575c195f0b2d5e165da9909, findElement {value=//button[@value = 'user'], using=xpath}]\nCapabilities {acceptInsecureCerts: true, browserName: chrome, browserVersion: 139.0.7258.66, chrome: {chromedriverVersion: 139.0.7258.66 (a62d32994769..., userDataDir: /tmp/.org.chromium.Chromium...}, fedcm:accounts: true, goog:chromeOptions: {debuggerAddress: localhost:44299}, networkConnectionEnabled: false, pageLoadStrategy: normal, platformName: linux, proxy: Proxy(), se:cdp: ws://localhost:44299/devtoo..., se:cdpVersion: 139.0.7258.66, setWindowRect: true, strictFileInteractability: false, timeouts: {implicit: 0, pageLoad: 300000, script: 30000}, unhandledPromptBehavior: accept, webauthn:extension:credBlob: true, webauthn:extension:largeBlob: true, webauthn:extension:minPinLength: true, webauthn:extension:prf: true, webauthn:virtualAuthenticators: true}\nSession ID: 4b798aa21575c195f0b2d5e165da9909\n\tat jdk.internal.reflect.GeneratedConstructorAccessor22.newInstance(Unknown Source)\n\tat java.base/jdk.internal.reflect.DelegatingConstructorAccessorImpl.newInstance(DelegatingConstructorAccessorImpl.java:45)\n\tat java.base/java.lang.reflect.Constructor.newInstanceWithCaller(Constructor.java:500)\n\tat java.base/java.lang.reflect.Constructor.newInstance(Constructor.java:481)\n\tat org.openqa.selenium.remote.ErrorCodec.decode(ErrorCodec.java:167)\n\tat org.openqa.selenium.remote.codec.w3c.W3CHttpResponseCodec.decode(W3CHttpResponseCodec.java:138)\n\tat org.openqa.selenium.remote.codec.w3c.W3CHttpResponseCodec.decode(W3CHttpResponseCodec.java:50)\n\tat org.openqa.selenium.remote.HttpCommandExecutor.execute(HttpCommandExecutor.java:215)\n\tat org.openqa.selenium.remote.service.DriverCommandExecutor.invokeExecute(DriverCommandExecutor.java:216)\n\tat org.openqa.selenium.remote.service.DriverCommandExecutor.execute(DriverCommandExecutor.java:174)\n\tat org.openqa.selenium.remote.RemoteWebDriver.execute(RemoteWebDriver.java:544)\n\tat org.openqa.selenium.remote.ElementLocation$ElementFinder$2.findElement(ElementLocation.java:165)\n\tat org.openqa.selenium.remote.ElementLocation.findElement(ElementLocation.java:59)\n\tat org.openqa.selenium.remote.RemoteWebDriver.findElement(RemoteWebDriver.java:367)\n\tat org.openqa.selenium.remote.RemoteWebDriver.findElement(RemoteWebDriver.java:361)\n\tat com.codeborne.selenide.impl.WebElementSelector.findElement(WebElementSelector.java:67)\n\tat com.codeborne.selenide.impl.WebElementSelector.findElement(WebElementSelector.java:38)\n\tat com.codeborne.selenide.impl.WebElementSelector.findElement(WebElementSelector.java:29)\n\tat com.codeborne.selenide.impl.ElementFinder.getWebElement(ElementFinder.java:113)\n\tat com.codeborne.selenide.impl.WebElementSource.checkConditionAndReturnElement(WebElementSource.java:112)\n\t... 42 more\n","steps":[{"name":"$(\"By.xpath: //button[@value = 'user']\") should be(visible)","time":{"start":1755378659239,"stop":1755378669528,"duration":10289},"status":"failed","statusMessage":"Element not found {By.xpath: //button[@value = 'user']}\nExpected: visible\nScreenshot: file:/home/runner/work/PfDiplomaTeam1/PfDiplomaTeam1/build/reports/tests/1755378669421.235.png\nPage source: file:/home/runner/work/PfDiplomaTeam1/PfDiplomaTeam1/build/reports/tests/1755378669421.235.html\nTimeout: 10 s.\nCaused by: NoSuchElementException: no such element: Unable to locate element: {\"method\":\"xpath\",\"selector\":\"//button[@value = 'user']\"}","statusTrace":"Element not found {By.xpath: //button[@value = 'user']}\nExpected: visible\nScreenshot: file:/home/runner/work/PfDiplomaTeam1/PfDiplomaTeam1/build/reports/tests/1755378669421.235.png\nPage source: file:/home/runner/work/PfDiplomaTeam1/PfDiplomaTeam1/build/reports/tests/1755378669421.235.html\nTimeout: 10 s.\nCaused by: NoSuchElementException: no such element: Unable to locate element: {\"method\":\"xpath\",\"selector\":\"//button[@value = 'user']\"}\n\tat com.codeborne.selenide.impl.WebElementSource.createElementNotFoundError(WebElementSource.java:89)\n\tat com.codeborne.selenide.impl.ElementFinder.createElementNotFoundError(ElementFinder.java:129)\n\tat com.codeborne.selenide.impl.WebElementSource.handleError(WebElementSource.java:140)\n\tat com.codeborne.selenide.impl.WebElementSource.checkConditionAndReturnElement(WebElementSource.java:123)\n\tat com.codeborne.selenide.impl.WebElementSource.checkCondition(WebElementSource.java:99)\n\tat com.codeborne.selenide.commands.Should.execute(Should.java:24)\n\tat com.codeborne.selenide.FluentCommand.execute(FluentCommand.java:27)\n\tat com.codeborne.selenide.FluentCommand.execute(FluentCommand.java:19)\n\tat com.codeborne.selenide.commands.Commands.execute(Commands.java:160)\n\tat com.codeborne.selenide.impl.SelenideElementProxy.dispatchAndRetry(SelenideElementProxy.java:131)\n\tat com.codeborne.selenide.impl.SelenideElementProxy.invoke(SelenideElementProxy.java:83)\n\tat jdk.proxy2/jdk.proxy2.$Proxy33.shouldBe(Unknown Source)\n\tat pages.AllDeletePage.isPageOpened(AllDeletePage.java:29)\n\tat tests.ui.AllDeleteTest.notValidAddMoney(AllDeleteTest.java:44)\n\tat java.base/jdk.internal.reflect.NativeMethodAccessorImpl.invoke0(Native Method)\n\tat java.base/jdk.internal.reflect.NativeMethodAccessorImpl.invoke(NativeMethodAccessorImpl.java:77)\n\tat java.base/jdk.internal.reflect.DelegatingMethodAccessorImpl.invoke(DelegatingMethodAccessorImpl.java:43)\n\tat java.base/java.lang.reflect.Method.invoke(Method.java:569)\n\tat org.testng.internal.invokers.MethodInvocationHelper.invokeMethod(MethodInvocationHelper.java:141)\n\tat org.testng.internal.invokers.TestInvoker.invokeMethod(TestInvoker.java:687)\n\tat org.testng.internal.invokers.TestInvoker.retryFailed(TestInvoker.java:269)\n\tat org.testng.internal.invokers.MethodRunner.runInSequence(MethodRunner.java:76)\n\tat org.testng.internal.invokers.TestInvoker$MethodInvocationAgent.invoke(TestInvoker.java:995)\n\tat org.testng.internal.invokers.TestInvoker.invokeTestMethods(TestInvoker.java:203)\n\tat org.testng.internal.invokers.TestMethodWorker.invokeTestMethods(TestMethodWorker.java:154)\n\tat org.testng.internal.invokers.TestMethodWorker.run(TestMethodWorker.java:134)\n\tat java.base/java.util.ArrayList.forEach(ArrayList.java:1511)\n\tat org.testng.TestRunner.privateRun(TestRunner.java:741)\n\tat org.testng.TestRunner.run(TestRunner.java:616)\n\tat org.testng.SuiteRunner.runTest(SuiteRunner.java:421)\n\tat org.testng.SuiteRunner.runSequentially(SuiteRunner.java:413)\n\tat org.testng.SuiteRunner.privateRun(SuiteRunner.java:373)\n\tat org.testng.SuiteRunner.run(SuiteRunner.java:312)\n\tat org.testng.SuiteRunnerWorker.runSuite(SuiteRunnerWorker.java:52)\n\tat org.testng.SuiteRunnerWorker.run(SuiteRunnerWorker.java:95)\n\tat org.testng.TestNG.runSuitesSequentially(TestNG.java:1274)\n\tat org.testng.TestNG.runSuitesLocally(TestNG.java:1208)\n\tat org.testng.TestNG.runSuites(TestNG.java:1112)\n\tat org.testng.TestNG.run(TestNG.java:1079)\n\tat org.apache.maven.surefire.testng.TestNGExecutor.run(TestNGExecutor.java:308)\n\tat org.apache.maven.surefire.testng.TestNGXmlTestSuite.execute(TestNGXmlTestSuite.java:71)\n\tat org.apache.maven.surefire.testng.TestNGProvider.invoke(TestNGProvider.java:113)\n\tat org.apache.maven.surefire.booter.ForkedBooter.runSuitesInProcess(ForkedBooter.java:385)\n\tat org.apache.maven.surefire.booter.ForkedBooter.execute(ForkedBooter.java:162)\n\tat org.apache.maven.surefire.booter.ForkedBooter.run(ForkedBooter.java:507)\n\tat org.apache.maven.surefire.booter.ForkedBooter.main(ForkedBooter.java:495)\nCaused by: org.openqa.selenium.NoSuchElementException: no such element: Unable to locate element: {\"method\":\"xpath\",\"selector\":\"//button[@value = 'user']\"}\n  (Session info: chrome=139.0.7258.66)\nFor documentation on this error, please visit: https://www.selenium.dev/documentation/webdriver/troubleshooting/errors#no-such-element-exception\nBuild info: version: '4.33.0', revision: '2c6aaad03a'\nSystem info: os.name: 'Linux', os.arch: 'amd64', os.version: '6.11.0-1018-azure', java.version: '17.0.16'\nDriver info: org.openqa.selenium.chrome.ChromeDriver\nCommand: [4b798aa21575c195f0b2d5e165da9909, findElement {value=//button[@value = 'user'], using=xpath}]\nCapabilities {acceptInsecureCerts: true, browserName: chrome, browserVersion: 139.0.7258.66, chrome: {chromedriverVersion: 139.0.7258.66 (a62d32994769..., userDataDir: /tmp/.org.chromium.Chromium...}, fedcm:accounts: true, goog:chromeOptions: {debuggerAddress: localhost:44299}, networkConnectionEnabled: false, pageLoadStrategy: normal, platformName: linux, proxy: Proxy(), se:cdp: ws://localhost:44299/devtoo..., se:cdpVersion: 139.0.7258.66, setWindowRect: true, strictFileInteractability: false, timeouts: {implicit: 0, pageLoad: 300000, script: 30000}, unhandledPromptBehavior: accept, webauthn:extension:credBlob: true, webauthn:extension:largeBlob: true, webauthn:extension:minPinLength: true, webauthn:extension:prf: true, webauthn:virtualAuthenticators: true}\nSession ID: 4b798aa21575c195f0b2d5e165da9909\n\tat jdk.internal.reflect.GeneratedConstructorAccessor22.newInstance(Unknown Source)\n\tat java.base/jdk.internal.reflect.DelegatingConstructorAccessorImpl.newInstance(DelegatingConstructorAccessorImpl.java:45)\n\tat java.base/java.lang.reflect.Constructor.newInstanceWithCaller(Constructor.java:500)\n\tat java.base/java.lang.reflect.Constructor.newInstance(Constructor.java:481)\n\tat org.openqa.selenium.remote.ErrorCodec.decode(ErrorCodec.java:167)\n\tat org.openqa.selenium.remote.codec.w3c.W3CHttpResponseCodec.decode(W3CHttpResponseCodec.java:138)\n\tat org.openqa.selenium.remote.codec.w3c.W3CHttpResponseCodec.decode(W3CHttpResponseCodec.java:50)\n\tat org.openqa.selenium.remote.HttpCommandExecutor.execute(HttpCommandExecutor.java:215)\n\tat org.openqa.selenium.remote.service.DriverCommandExecutor.invokeExecute(DriverCommandExecutor.java:216)\n\tat org.openqa.selenium.remote.service.DriverCommandExecutor.execute(DriverCommandExecutor.java:174)\n\tat org.openqa.selenium.remote.RemoteWebDriver.execute(RemoteWebDriver.java:544)\n\tat org.openqa.selenium.remote.ElementLocation$ElementFinder$2.findElement(ElementLocation.java:165)\n\tat org.openqa.selenium.remote.ElementLocation.findElement(ElementLocation.java:59)\n\tat org.openqa.selenium.remote.RemoteWebDriver.findElement(RemoteWebDriver.java:367)\n\tat org.openqa.selenium.remote.RemoteWebDriver.findElement(RemoteWebDriver.java:361)\n\tat com.codeborne.selenide.impl.WebElementSelector.findElement(WebElementSelector.java:67)\n\tat com.codeborne.selenide.impl.WebElementSelector.findElement(WebElementSelector.java:38)\n\tat com.codeborne.selenide.impl.WebElementSelector.findElement(WebElementSelector.java:29)\n\tat com.codeborne.selenide.impl.ElementFinder.getWebElement(ElementFinder.java:113)\n\tat com.codeborne.selenide.impl.WebElementSource.checkConditionAndReturnElement(WebElementSource.java:112)\n\t... 42 more\n","steps":[],"attachments":[{"uid":"7f5447bd2f45394a","name":"Screenshot","source":"7f5447bd2f45394a.png","type":"image/png","size":29245},{"uid":"492f2349a24d42ab","name":"Page source","source":"492f2349a24d42ab.html","type":"text/html","size":5464}],"parameters":[],"stepsCount":0,"shouldDisplayMessage":true,"attachmentsCount":2,"hasContent":true,"attachmentStep":false}],"attachments":[],"parameters":[],"stepsCount":1,"shouldDisplayMessage":false,"attachmentsCount":2,"hasContent":true,"attachmentStep":false}],"attachments":[],"parameters":[],"stepsCount":14,"shouldDisplayMessage":false,"attachmentsCount":2,"hasContent":true,"attachmentStep":false},"afterStages":[{"name":"tearDown","time":{"start":1755378669529,"stop":1755378669650,"duration":121},"description":"","status":"passed","steps":[{"name":"$(\"webdriver\") close()","time":{"start":1755378669575,"stop":1755378669650,"duration":75},"status":"passed","steps":[],"attachments":[],"parameters":[],"stepsCount":0,"shouldDisplayMessage":false,"attachmentsCount":0,"hasContent":false,"attachmentStep":false}],"attachments":[{"uid":"689ac9a5af9d78f5","name":"Screen","source":"689ac9a5af9d78f5.png","type":"image/png","size":29245}],"parameters":[],"stepsCount":1,"shouldDisplayMessage":false,"attachmentsCount":1,"hasContent":true,"attachmentStep":false}],"labels":[{"name":"package","value":"tests.ui.AllDeleteTest"},{"name":"testClass","value":"tests.ui.AllDeleteTest"},{"name":"testMethod","value":"notValidAddMoney"},{"name":"parentSuite","value":"PfDiplomaTeam1 All Tests"},{"name":"suite","value":"All Tests"},{"name":"subSuite","value":"tests.ui.AllDeleteTest"},{"name":"host","value":"pkrvmubgrv54qmi"},{"name":"thread","value":"2841@pkrvmubgrv54qmi.main(1)"},{"name":"framework","value":"testng"},{"name":"language","value":"java"},{"name":"feature","value":"All Delete"},{"name":"owner","value":"Laptev Denis"},{"name":"resultFormat","value":"allure2"}],"parameters":[{"name":"arg0","value":"0"},{"name":"arg1","value":"user"},{"name":"arg2","value":"Status: Bad request"}],"links":[{"name":"http://82.142.167.37:4881/#/delete/all","type":"custom"}],"hidden":false,"retry":false,"extra":{"severity":"normal","owner":"Laptev Denis","retries":[{"uid":"97717a32e31a429b","status":"skipped","statusDetails":"Element not found {By.xpath: //button[@value = 'user']}\nExpected: visible\nScreenshot: file:/home/runner/work/PfDiplomaTeam1/PfDiplomaTeam1/build/reports/tests/1755378655274.234.png\nPage source: file:/home/runner/work/PfDiplomaTeam1/PfDiplomaTeam1/build/reports/tests/1755378655274.234.html\nTimeout: 10 s.\nCaused by: NoSuchElementException: no such element: Unable to locate element: {\"method\":\"xpath\",\"selector\":\"//button[@value = 'user']\"}","time":{"start":1755378641324,"stop":1755378655378,"duration":14054}},{"uid":"1aa6ac579ccc2382","status":"skipped","statusDetails":"Element not found {By.xpath: //button[@value = 'user']}\nExpected: visible\nScreenshot: file:/home/runner/work/PfDiplomaTeam1/PfDiplomaTeam1/build/reports/tests/1755378641141.233.png\nPage source: file:/home/runner/work/PfDiplomaTeam1/PfDiplomaTeam1/build/reports/tests/1755378641141.233.html\nTimeout: 10 s.\nCaused by: NoSuchElementException: no such element: Unable to locate element: {\"method\":\"xpath\",\"selector\":\"//button[@value = 'user']\"}","time":{"start":1755378627206,"stop":1755378641247,"duration":14041}},{"uid":"40bd2fa7c0bad0eb","status":"skipped","statusDetails":"Element not found {By.xpath: //button[@value = 'user']}\nExpected: visible\nScreenshot: file:/home/runner/work/PfDiplomaTeam1/PfDiplomaTeam1/build/reports/tests/1755378627023.232.png\nPage source: file:/home/runner/work/PfDiplomaTeam1/PfDiplomaTeam1/build/reports/tests/1755378627023.232.html\nTimeout: 10 s.\nCaused by: NoSuchElementException: no such element: Unable to locate element: {\"method\":\"xpath\",\"selector\":\"//button[@value = 'user']\"}","time":{"start":1755378613019,"stop":1755378627130,"duration":14111}}],"categories":[{"name":"Product defects","matchedStatuses":[],"flaky":false}],"history":{"statistic":{"failed":5,"broken":0,"skipped":0,"passed":2,"unknown":0,"total":7},"items":[{"uid":"2373b369e0830c1d","reportUrl":"https://SolasIT.github.io/PfDiplomaTeam1/36/#testresult/2373b369e0830c1d","status":"failed","statusDetails":"Element not found {By.xpath: //button[@value = 'user']}\nExpected: visible\nScreenshot: file:/home/runner/work/PfDiplomaTeam1/PfDiplomaTeam1/build/reports/tests/1755378156644.235.png\nPage source: file:/home/runner/work/PfDiplomaTeam1/PfDiplomaTeam1/build/reports/tests/1755378156644.235.html\nTimeout: 10 s.\nCaused by: NoSuchElementException: no such element: Unable to locate element: {\"method\":\"xpath\",\"selector\":\"//button[@value = 'user']\"}","time":{"start":1755378143020,"stop":1755378156743,"duration":13723}},{"uid":"8a863a59eb2b1514","reportUrl":"https://SolasIT.github.io/PfDiplomaTeam1/34/#testresult/8a863a59eb2b1514","status":"failed","statusDetails":"Element not found {By.xpath: //button[@value = 'user']}\nExpected: visible\nScreenshot: file:/home/runner/work/PfDiplomaTeam1/PfDiplomaTeam1/build/reports/tests/1755377035982.235.png\nPage source: file:/home/runner/work/PfDiplomaTeam1/PfDiplomaTeam1/build/reports/tests/1755377035982.235.html\nTimeout: 10 s.\nCaused by: NoSuchElementException: no such element: Unable to locate element: {\"method\":\"xpath\",\"selector\":\"//button[@value = 'user']\"}","time":{"start":1755377022244,"stop":1755377036083,"duration":13839}},{"uid":"dc05e7d6acf8d327","reportUrl":"https://SolasIT.github.io/PfDiplomaTeam1/33/#testresult/dc05e7d6acf8d327","status":"failed","statusDetails":"Element not found {By.xpath: //button[@value = 'user']}\nExpected: visible\nScreenshot: file:/home/runner/work/PfDiplomaTeam1/PfDiplomaTeam1/build/reports/tests/1755376781051.235.png\nPage source: file:/home/runner/work/PfDiplomaTeam1/PfDiplomaTeam1/build/reports/tests/1755376781051.235.html\nTimeout: 10 s.\nCaused by: NoSuchElementException: no such element: Unable to locate element: {\"method\":\"xpath\",\"selector\":\"//button[@value = 'user']\"}","time":{"start":1755376765887,"stop":1755376781143,"duration":15256}},{"uid":"51ce180bc7b21f83","reportUrl":"https://SolasIT.github.io/PfDiplomaTeam1/40/#testresult/51ce180bc7b21f83","status":"passed","time":{"start":1755377416188,"stop":1755377420709,"duration":4521}},{"uid":"6e60a9983366d35e","reportUrl":"https://SolasIT.github.io/PfDiplomaTeam1/39/#testresult/6e60a9983366d35e","status":"passed","time":{"start":1755377155379,"stop":1755377159587,"duration":4208}},{"uid":"5af152f0a20c1202","reportUrl":"https://SolasIT.github.io/PfDiplomaTeam1/31/#testresult/5af152f0a20c1202","status":"failed","statusDetails":"Element not found {By.xpath: //button[@value = 'user']}\nExpected: visible\nScreenshot: file:/home/runner/work/PfDiplomaTeam1/PfDiplomaTeam1/build/reports/tests/1755375538204.235.png\nPage source: file:/home/runner/work/PfDiplomaTeam1/PfDiplomaTeam1/build/reports/tests/1755375538204.235.html\nTimeout: 10 s.\nCaused by: NoSuchElementException: no such element: Unable to locate element: {\"method\":\"xpath\",\"selector\":\"//button[@value = 'user']\"}","time":{"start":1755375524448,"stop":1755375538304,"duration":13856}}]},"tags":[]},"source":"a6af86bd5793276b.json","parameterValues":["0","user","Status: Bad request"]}