{"uid":"a72b016c61bb470e","name":"Нарушение контракта POST /user/{userId}","fullName":"tests.api.PersonControllerTest.buyOrSellCarByUserIdCarIdWrongMethod","historyId":"8e40835af460dd3504363bb263c7ff2f","time":{"start":1755614139324,"stop":1755614141784,"duration":2460},"description":"Проверка API метода POST: выполнение запроса с неверным методом","descriptionHtml":"<p>Проверка API метода POST: выполнение запроса с неверным методом</p>\n","status":"failed","statusMessage":"1 expectation failed.\nExpected status code <405> but was <404>.\n","statusTrace":"java.lang.AssertionError: 1 expectation failed.\nExpected status code <405> but was <404>.\n\n\tat java.base/jdk.internal.reflect.NativeConstructorAccessorImpl.newInstance0(Native Method)\n\tat java.base/jdk.internal.reflect.NativeConstructorAccessorImpl.newInstance(NativeConstructorAccessorImpl.java:77)\n\tat java.base/jdk.internal.reflect.DelegatingConstructorAccessorImpl.newInstance(DelegatingConstructorAccessorImpl.java:45)\n\tat java.base/java.lang.reflect.Constructor.newInstanceWithCaller(Constructor.java:500)\n\tat java.base/java.lang.reflect.Constructor.newInstance(Constructor.java:481)\n\tat org.codehaus.groovy.reflection.CachedConstructor.invoke(CachedConstructor.java:73)\n\tat org.codehaus.groovy.runtime.callsite.ConstructorSite$ConstructorSiteNoUnwrapNoCoerce.callConstructor(ConstructorSite.java:108)\n\tat org.codehaus.groovy.runtime.callsite.AbstractCallSite.callConstructor(AbstractCallSite.java:277)\n\tat io.restassured.internal.ResponseSpecificationImpl$HamcrestAssertionClosure.validate(ResponseSpecificationImpl.groovy:512)\n\tat io.restassured.internal.ResponseSpecificationImpl$HamcrestAssertionClosure$validate$1.call(Unknown Source)\n\tat io.restassured.internal.ResponseSpecificationImpl.validateResponseIfRequired(ResponseSpecificationImpl.groovy:696)\n\tat io.restassured.internal.ResponseSpecificationImpl.this$2$validateResponseIfRequired(ResponseSpecificationImpl.groovy)\n\tat jdk.internal.reflect.GeneratedMethodAccessor163.invoke(Unknown Source)\n\tat java.base/jdk.internal.reflect.DelegatingMethodAccessorImpl.invoke(DelegatingMethodAccessorImpl.java:43)\n\tat java.base/java.lang.reflect.Method.invoke(Method.java:569)\n\tat org.codehaus.groovy.runtime.callsite.PlainObjectMetaMethodSite.doInvoke(PlainObjectMetaMethodSite.java:43)\n\tat org.codehaus.groovy.runtime.callsite.PogoMetaMethodSite$PogoCachedMethodSiteNoUnwrapNoCoerce.invoke(PogoMetaMethodSite.java:198)\n\tat org.codehaus.groovy.runtime.callsite.PogoMetaMethodSite.callCurrent(PogoMetaMethodSite.java:62)\n\tat org.codehaus.groovy.runtime.callsite.AbstractCallSite.callCurrent(AbstractCallSite.java:185)\n\tat io.restassured.internal.ResponseSpecificationImpl.statusCode(ResponseSpecificationImpl.groovy:135)\n\tat io.restassured.specification.ResponseSpecification$statusCode$0.callCurrent(Unknown Source)\n\tat io.restassured.internal.ResponseSpecificationImpl.statusCode(ResponseSpecificationImpl.groovy:143)\n\tat io.restassured.internal.ValidatableResponseOptionsImpl.statusCode(ValidatableResponseOptionsImpl.java:89)\n\tat adapters.UsersAdapter.buyOrSellCarByUserIdCarIdWrongMethod(UsersAdapter.java:225)\n\tat tests.api.PersonControllerTest.buyOrSellCarByUserIdCarIdWrongMethod(PersonControllerTest.java:574)\n\tat java.base/jdk.internal.reflect.NativeMethodAccessorImpl.invoke0(Native Method)\n\tat java.base/jdk.internal.reflect.NativeMethodAccessorImpl.invoke(NativeMethodAccessorImpl.java:77)\n\tat java.base/jdk.internal.reflect.DelegatingMethodAccessorImpl.invoke(DelegatingMethodAccessorImpl.java:43)\n\tat java.base/java.lang.reflect.Method.invoke(Method.java:569)\n\tat org.testng.internal.invokers.MethodInvocationHelper.invokeMethod(MethodInvocationHelper.java:141)\n\tat org.testng.internal.invokers.TestInvoker.invokeMethod(TestInvoker.java:687)\n\tat org.testng.internal.invokers.TestInvoker.retryFailed(TestInvoker.java:269)\n\tat org.testng.internal.invokers.MethodRunner.runInSequence(MethodRunner.java:76)\n\tat org.testng.internal.invokers.TestInvoker$MethodInvocationAgent.invoke(TestInvoker.java:995)\n\tat org.testng.internal.invokers.TestInvoker.invokeTestMethods(TestInvoker.java:203)\n\tat org.testng.internal.invokers.TestMethodWorker.invokeTestMethods(TestMethodWorker.java:154)\n\tat org.testng.internal.invokers.TestMethodWorker.run(TestMethodWorker.java:134)\n\tat java.base/java.util.ArrayList.forEach(ArrayList.java:1511)\n\tat org.testng.TestRunner.privateRun(TestRunner.java:741)\n\tat org.testng.TestRunner.run(TestRunner.java:616)\n\tat org.testng.SuiteRunner.runTest(SuiteRunner.java:421)\n\tat org.testng.SuiteRunner.runSequentially(SuiteRunner.java:413)\n\tat org.testng.SuiteRunner.privateRun(SuiteRunner.java:373)\n\tat org.testng.SuiteRunner.run(SuiteRunner.java:312)\n\tat org.testng.SuiteRunnerWorker.runSuite(SuiteRunnerWorker.java:52)\n\tat org.testng.SuiteRunnerWorker.run(SuiteRunnerWorker.java:95)\n\tat org.testng.TestNG.runSuitesSequentially(TestNG.java:1274)\n\tat org.testng.TestNG.runSuitesLocally(TestNG.java:1208)\n\tat org.testng.TestNG.runSuites(TestNG.java:1112)\n\tat org.testng.TestNG.run(TestNG.java:1079)\n\tat org.apache.maven.surefire.testng.TestNGExecutor.run(TestNGExecutor.java:308)\n\tat org.apache.maven.surefire.testng.TestNGXmlTestSuite.execute(TestNGXmlTestSuite.java:71)\n\tat org.apache.maven.surefire.testng.TestNGProvider.invoke(TestNGProvider.java:113)\n\tat org.apache.maven.surefire.booter.ForkedBooter.runSuitesInProcess(ForkedBooter.java:385)\n\tat org.apache.maven.surefire.booter.ForkedBooter.execute(ForkedBooter.java:162)\n\tat org.apache.maven.surefire.booter.ForkedBooter.run(ForkedBooter.java:507)\n\tat org.apache.maven.surefire.booter.ForkedBooter.main(ForkedBooter.java:495)\n","flaky":false,"newFailed":false,"newBroken":false,"newPassed":false,"retriesCount":3,"retriesStatusChange":true,"beforeStages":[],"testStage":{"description":"Проверка API метода POST: выполнение запроса с неверным методом","status":"failed","statusMessage":"1 expectation failed.\nExpected status code <405> but was <404>.\n","statusTrace":"java.lang.AssertionError: 1 expectation failed.\nExpected status code <405> but was <404>.\n\n\tat java.base/jdk.internal.reflect.NativeConstructorAccessorImpl.newInstance0(Native Method)\n\tat java.base/jdk.internal.reflect.NativeConstructorAccessorImpl.newInstance(NativeConstructorAccessorImpl.java:77)\n\tat java.base/jdk.internal.reflect.DelegatingConstructorAccessorImpl.newInstance(DelegatingConstructorAccessorImpl.java:45)\n\tat java.base/java.lang.reflect.Constructor.newInstanceWithCaller(Constructor.java:500)\n\tat java.base/java.lang.reflect.Constructor.newInstance(Constructor.java:481)\n\tat org.codehaus.groovy.reflection.CachedConstructor.invoke(CachedConstructor.java:73)\n\tat org.codehaus.groovy.runtime.callsite.ConstructorSite$ConstructorSiteNoUnwrapNoCoerce.callConstructor(ConstructorSite.java:108)\n\tat org.codehaus.groovy.runtime.callsite.AbstractCallSite.callConstructor(AbstractCallSite.java:277)\n\tat io.restassured.internal.ResponseSpecificationImpl$HamcrestAssertionClosure.validate(ResponseSpecificationImpl.groovy:512)\n\tat io.restassured.internal.ResponseSpecificationImpl$HamcrestAssertionClosure$validate$1.call(Unknown Source)\n\tat io.restassured.internal.ResponseSpecificationImpl.validateResponseIfRequired(ResponseSpecificationImpl.groovy:696)\n\tat io.restassured.internal.ResponseSpecificationImpl.this$2$validateResponseIfRequired(ResponseSpecificationImpl.groovy)\n\tat jdk.internal.reflect.GeneratedMethodAccessor163.invoke(Unknown Source)\n\tat java.base/jdk.internal.reflect.DelegatingMethodAccessorImpl.invoke(DelegatingMethodAccessorImpl.java:43)\n\tat java.base/java.lang.reflect.Method.invoke(Method.java:569)\n\tat org.codehaus.groovy.runtime.callsite.PlainObjectMetaMethodSite.doInvoke(PlainObjectMetaMethodSite.java:43)\n\tat org.codehaus.groovy.runtime.callsite.PogoMetaMethodSite$PogoCachedMethodSiteNoUnwrapNoCoerce.invoke(PogoMetaMethodSite.java:198)\n\tat org.codehaus.groovy.runtime.callsite.PogoMetaMethodSite.callCurrent(PogoMetaMethodSite.java:62)\n\tat org.codehaus.groovy.runtime.callsite.AbstractCallSite.callCurrent(AbstractCallSite.java:185)\n\tat io.restassured.internal.ResponseSpecificationImpl.statusCode(ResponseSpecificationImpl.groovy:135)\n\tat io.restassured.specification.ResponseSpecification$statusCode$0.callCurrent(Unknown Source)\n\tat io.restassured.internal.ResponseSpecificationImpl.statusCode(ResponseSpecificationImpl.groovy:143)\n\tat io.restassured.internal.ValidatableResponseOptionsImpl.statusCode(ValidatableResponseOptionsImpl.java:89)\n\tat adapters.UsersAdapter.buyOrSellCarByUserIdCarIdWrongMethod(UsersAdapter.java:225)\n\tat tests.api.PersonControllerTest.buyOrSellCarByUserIdCarIdWrongMethod(PersonControllerTest.java:574)\n\tat java.base/jdk.internal.reflect.NativeMethodAccessorImpl.invoke0(Native Method)\n\tat java.base/jdk.internal.reflect.NativeMethodAccessorImpl.invoke(NativeMethodAccessorImpl.java:77)\n\tat java.base/jdk.internal.reflect.DelegatingMethodAccessorImpl.invoke(DelegatingMethodAccessorImpl.java:43)\n\tat java.base/java.lang.reflect.Method.invoke(Method.java:569)\n\tat org.testng.internal.invokers.MethodInvocationHelper.invokeMethod(MethodInvocationHelper.java:141)\n\tat org.testng.internal.invokers.TestInvoker.invokeMethod(TestInvoker.java:687)\n\tat org.testng.internal.invokers.TestInvoker.retryFailed(TestInvoker.java:269)\n\tat org.testng.internal.invokers.MethodRunner.runInSequence(MethodRunner.java:76)\n\tat org.testng.internal.invokers.TestInvoker$MethodInvocationAgent.invoke(TestInvoker.java:995)\n\tat org.testng.internal.invokers.TestInvoker.invokeTestMethods(TestInvoker.java:203)\n\tat org.testng.internal.invokers.TestMethodWorker.invokeTestMethods(TestMethodWorker.java:154)\n\tat org.testng.internal.invokers.TestMethodWorker.run(TestMethodWorker.java:134)\n\tat java.base/java.util.ArrayList.forEach(ArrayList.java:1511)\n\tat org.testng.TestRunner.privateRun(TestRunner.java:741)\n\tat org.testng.TestRunner.run(TestRunner.java:616)\n\tat org.testng.SuiteRunner.runTest(SuiteRunner.java:421)\n\tat org.testng.SuiteRunner.runSequentially(SuiteRunner.java:413)\n\tat org.testng.SuiteRunner.privateRun(SuiteRunner.java:373)\n\tat org.testng.SuiteRunner.run(SuiteRunner.java:312)\n\tat org.testng.SuiteRunnerWorker.runSuite(SuiteRunnerWorker.java:52)\n\tat org.testng.SuiteRunnerWorker.run(SuiteRunnerWorker.java:95)\n\tat org.testng.TestNG.runSuitesSequentially(TestNG.java:1274)\n\tat org.testng.TestNG.runSuitesLocally(TestNG.java:1208)\n\tat org.testng.TestNG.runSuites(TestNG.java:1112)\n\tat org.testng.TestNG.run(TestNG.java:1079)\n\tat org.apache.maven.surefire.testng.TestNGExecutor.run(TestNGExecutor.java:308)\n\tat org.apache.maven.surefire.testng.TestNGXmlTestSuite.execute(TestNGXmlTestSuite.java:71)\n\tat org.apache.maven.surefire.testng.TestNGProvider.invoke(TestNGProvider.java:113)\n\tat org.apache.maven.surefire.booter.ForkedBooter.runSuitesInProcess(ForkedBooter.java:385)\n\tat org.apache.maven.surefire.booter.ForkedBooter.execute(ForkedBooter.java:162)\n\tat org.apache.maven.surefire.booter.ForkedBooter.run(ForkedBooter.java:507)\n\tat org.apache.maven.surefire.booter.ForkedBooter.main(ForkedBooter.java:495)\n","steps":[{"name":"Создание пользователя","time":{"start":1755614139324,"stop":1755614140140,"duration":816},"status":"passed","steps":[{"name":"Получение токена","time":{"start":1755614139324,"stop":1755614139778,"duration":454},"status":"passed","steps":[],"attachments":[{"uid":"d8186e0495bbe23","name":"Запрос","source":"d8186e0495bbe23.html","type":"text/html","size":1774},{"uid":"89feb9ff657196d0","name":"Ответ","source":"89feb9ff657196d0.html","type":"text/html","size":2745}],"parameters":[],"stepsCount":0,"shouldDisplayMessage":false,"attachmentsCount":2,"hasContent":true,"attachmentStep":false}],"attachments":[{"uid":"fa6f0da9538b7b3","name":"Запрос","source":"fa6f0da9538b7b3.html","type":"text/html","size":2429},{"uid":"7affe86592754486","name":"Ответ","source":"7affe86592754486.html","type":"text/html","size":2650}],"parameters":[{"name":"user","value":"UserRequest(id=null, firstName=Barney, secondName=Raynor, age=37, sex=FEMALE, money=45167.35)"},{"name":"statusCode","value":"201"}],"stepsCount":1,"shouldDisplayMessage":false,"attachmentsCount":4,"hasContent":true,"attachmentStep":false},{"name":"POST запрос на создание машины: Car(id=null, engineType=Gasoline, mark=Volvo, model=S60, price=34121.52)","time":{"start":1755614140141,"stop":1755614140970,"duration":829},"status":"passed","steps":[{"name":"Получение токена","time":{"start":1755614140141,"stop":1755614140592,"duration":451},"status":"passed","steps":[],"attachments":[{"uid":"a46778d92ff05f12","name":"Запрос","source":"a46778d92ff05f12.html","type":"text/html","size":1774},{"uid":"8652ee24239d312a","name":"Ответ","source":"8652ee24239d312a.html","type":"text/html","size":2745}],"parameters":[],"stepsCount":0,"shouldDisplayMessage":false,"attachmentsCount":2,"hasContent":true,"attachmentStep":false}],"attachments":[{"uid":"484e37a19e53ae57","name":"Запрос","source":"484e37a19e53ae57.html","type":"text/html","size":2387},{"uid":"e1c8ae50b9024615","name":"Ответ","source":"e1c8ae50b9024615.html","type":"text/html","size":2629}],"parameters":[{"name":"car","value":"Car(id=null, engineType=Gasoline, mark=Volvo, model=S60, price=34121.52)"}],"stepsCount":1,"shouldDisplayMessage":false,"attachmentsCount":4,"hasContent":true,"attachmentStep":false},{"name":"Покупка/продажа авто 4949 пользователем 10728 с неверным методом запроса","time":{"start":1755614140971,"stop":1755614141784,"duration":813},"status":"failed","statusMessage":"1 expectation failed.\nExpected status code <405> but was <404>.\n","statusTrace":"java.lang.AssertionError: 1 expectation failed.\nExpected status code <405> but was <404>.\n\n\tat java.base/jdk.internal.reflect.NativeConstructorAccessorImpl.newInstance0(Native Method)\n\tat java.base/jdk.internal.reflect.NativeConstructorAccessorImpl.newInstance(NativeConstructorAccessorImpl.java:77)\n\tat java.base/jdk.internal.reflect.DelegatingConstructorAccessorImpl.newInstance(DelegatingConstructorAccessorImpl.java:45)\n\tat java.base/java.lang.reflect.Constructor.newInstanceWithCaller(Constructor.java:500)\n\tat java.base/java.lang.reflect.Constructor.newInstance(Constructor.java:481)\n\tat org.codehaus.groovy.reflection.CachedConstructor.invoke(CachedConstructor.java:73)\n\tat org.codehaus.groovy.runtime.callsite.ConstructorSite$ConstructorSiteNoUnwrapNoCoerce.callConstructor(ConstructorSite.java:108)\n\tat org.codehaus.groovy.runtime.callsite.AbstractCallSite.callConstructor(AbstractCallSite.java:277)\n\tat io.restassured.internal.ResponseSpecificationImpl$HamcrestAssertionClosure.validate(ResponseSpecificationImpl.groovy:512)\n\tat io.restassured.internal.ResponseSpecificationImpl$HamcrestAssertionClosure$validate$1.call(Unknown Source)\n\tat io.restassured.internal.ResponseSpecificationImpl.validateResponseIfRequired(ResponseSpecificationImpl.groovy:696)\n\tat io.restassured.internal.ResponseSpecificationImpl.this$2$validateResponseIfRequired(ResponseSpecificationImpl.groovy)\n\tat jdk.internal.reflect.GeneratedMethodAccessor163.invoke(Unknown Source)\n\tat java.base/jdk.internal.reflect.DelegatingMethodAccessorImpl.invoke(DelegatingMethodAccessorImpl.java:43)\n\tat java.base/java.lang.reflect.Method.invoke(Method.java:569)\n\tat org.codehaus.groovy.runtime.callsite.PlainObjectMetaMethodSite.doInvoke(PlainObjectMetaMethodSite.java:43)\n\tat org.codehaus.groovy.runtime.callsite.PogoMetaMethodSite$PogoCachedMethodSiteNoUnwrapNoCoerce.invoke(PogoMetaMethodSite.java:198)\n\tat org.codehaus.groovy.runtime.callsite.PogoMetaMethodSite.callCurrent(PogoMetaMethodSite.java:62)\n\tat org.codehaus.groovy.runtime.callsite.AbstractCallSite.callCurrent(AbstractCallSite.java:185)\n\tat io.restassured.internal.ResponseSpecificationImpl.statusCode(ResponseSpecificationImpl.groovy:135)\n\tat io.restassured.specification.ResponseSpecification$statusCode$0.callCurrent(Unknown Source)\n\tat io.restassured.internal.ResponseSpecificationImpl.statusCode(ResponseSpecificationImpl.groovy:143)\n\tat io.restassured.internal.ValidatableResponseOptionsImpl.statusCode(ValidatableResponseOptionsImpl.java:89)\n\tat adapters.UsersAdapter.buyOrSellCarByUserIdCarIdWrongMethod(UsersAdapter.java:225)\n\tat tests.api.PersonControllerTest.buyOrSellCarByUserIdCarIdWrongMethod(PersonControllerTest.java:574)\n\tat java.base/jdk.internal.reflect.NativeMethodAccessorImpl.invoke0(Native Method)\n\tat java.base/jdk.internal.reflect.NativeMethodAccessorImpl.invoke(NativeMethodAccessorImpl.java:77)\n\tat java.base/jdk.internal.reflect.DelegatingMethodAccessorImpl.invoke(DelegatingMethodAccessorImpl.java:43)\n\tat java.base/java.lang.reflect.Method.invoke(Method.java:569)\n\tat org.testng.internal.invokers.MethodInvocationHelper.invokeMethod(MethodInvocationHelper.java:141)\n\tat org.testng.internal.invokers.TestInvoker.invokeMethod(TestInvoker.java:687)\n\tat org.testng.internal.invokers.TestInvoker.retryFailed(TestInvoker.java:269)\n\tat org.testng.internal.invokers.MethodRunner.runInSequence(MethodRunner.java:76)\n\tat org.testng.internal.invokers.TestInvoker$MethodInvocationAgent.invoke(TestInvoker.java:995)\n\tat org.testng.internal.invokers.TestInvoker.invokeTestMethods(TestInvoker.java:203)\n\tat org.testng.internal.invokers.TestMethodWorker.invokeTestMethods(TestMethodWorker.java:154)\n\tat org.testng.internal.invokers.TestMethodWorker.run(TestMethodWorker.java:134)\n\tat java.base/java.util.ArrayList.forEach(ArrayList.java:1511)\n\tat org.testng.TestRunner.privateRun(TestRunner.java:741)\n\tat org.testng.TestRunner.run(TestRunner.java:616)\n\tat org.testng.SuiteRunner.runTest(SuiteRunner.java:421)\n\tat org.testng.SuiteRunner.runSequentially(SuiteRunner.java:413)\n\tat org.testng.SuiteRunner.privateRun(SuiteRunner.java:373)\n\tat org.testng.SuiteRunner.run(SuiteRunner.java:312)\n\tat org.testng.SuiteRunnerWorker.runSuite(SuiteRunnerWorker.java:52)\n\tat org.testng.SuiteRunnerWorker.run(SuiteRunnerWorker.java:95)\n\tat org.testng.TestNG.runSuitesSequentially(TestNG.java:1274)\n\tat org.testng.TestNG.runSuitesLocally(TestNG.java:1208)\n\tat org.testng.TestNG.runSuites(TestNG.java:1112)\n\tat org.testng.TestNG.run(TestNG.java:1079)\n\tat org.apache.maven.surefire.testng.TestNGExecutor.run(TestNGExecutor.java:308)\n\tat org.apache.maven.surefire.testng.TestNGXmlTestSuite.execute(TestNGXmlTestSuite.java:71)\n\tat org.apache.maven.surefire.testng.TestNGProvider.invoke(TestNGProvider.java:113)\n\tat org.apache.maven.surefire.booter.ForkedBooter.runSuitesInProcess(ForkedBooter.java:385)\n\tat org.apache.maven.surefire.booter.ForkedBooter.execute(ForkedBooter.java:162)\n\tat org.apache.maven.surefire.booter.ForkedBooter.run(ForkedBooter.java:507)\n\tat org.apache.maven.surefire.booter.ForkedBooter.main(ForkedBooter.java:495)\n","steps":[{"name":"Получение токена","time":{"start":1755614140971,"stop":1755614141425,"duration":454},"status":"passed","steps":[],"attachments":[{"uid":"98ab41141581209d","name":"Запрос","source":"98ab41141581209d.html","type":"text/html","size":1774},{"uid":"8d7cb347e4934bc4","name":"Ответ","source":"8d7cb347e4934bc4.html","type":"text/html","size":2745}],"parameters":[],"stepsCount":0,"shouldDisplayMessage":false,"attachmentsCount":2,"hasContent":true,"attachmentStep":false}],"attachments":[{"uid":"6124c990c32aed60","name":"Запрос","source":"6124c990c32aed60.html","type":"text/html","size":2223},{"uid":"b6040217dc4b9ce0","name":"Ответ","source":"b6040217dc4b9ce0.html","type":"text/html","size":2405}],"parameters":[{"name":"userId","value":"10728"},{"name":"carId","value":"4949"},{"name":"option","value":"sell"},{"name":"statusCode","value":"405"}],"stepsCount":1,"shouldDisplayMessage":true,"attachmentsCount":4,"hasContent":true,"attachmentStep":false}],"attachments":[],"parameters":[],"stepsCount":6,"shouldDisplayMessage":false,"attachmentsCount":12,"hasContent":true,"attachmentStep":false},"afterStages":[],"labels":[{"name":"package","value":"tests.api.PersonControllerTest"},{"name":"testClass","value":"tests.api.PersonControllerTest"},{"name":"testMethod","value":"buyOrSellCarByUserIdCarIdWrongMethod"},{"name":"parentSuite","value":"PfDiplomaTeam1 All Tests"},{"name":"suite","value":"All Tests"},{"name":"subSuite","value":"tests.api.PersonControllerTest"},{"name":"host","value":"pkrvmubgrv54qmi"},{"name":"thread","value":"2593@pkrvmubgrv54qmi.main(1)"},{"name":"framework","value":"testng"},{"name":"language","value":"java"},{"name":"owner","value":"Zheltikov Vasiliy"},{"name":"feature","value":"person-controller"},{"name":"resultFormat","value":"allure2"}],"parameters":[],"links":[{"name":"http://82.142.167.37:4879/swagger-ui/index.html#/","type":"custom"}],"hidden":false,"retry":false,"extra":{"severity":"normal","owner":"Zheltikov Vasiliy","retries":[{"uid":"d818161e08b3e0f7","status":"skipped","statusDetails":"1 expectation failed.\nExpected status code <405> but was <404>.\n","time":{"start":1755614136848,"stop":1755614139322,"duration":2474}},{"uid":"ef08ded652d0912d","status":"skipped","statusDetails":"1 expectation failed.\nExpected status code <405> but was <404>.\n","time":{"start":1755614134291,"stop":1755614136847,"duration":2556}},{"uid":"f50402c940857418","status":"skipped","statusDetails":"1 expectation failed.\nExpected status code <405> but was <404>.\n","time":{"start":1755614131742,"stop":1755614134290,"duration":2548}}],"categories":[{"name":"Product defects","matchedStatuses":[],"flaky":false}],"history":{"statistic":{"failed":12,"broken":0,"skipped":0,"passed":0,"unknown":0,"total":12},"items":[{"uid":"c97ce3b2bada8382","reportUrl":"https://SolasIT.github.io/PfDiplomaTeam1/73/#testresult/c97ce3b2bada8382","status":"failed","statusDetails":"1 expectation failed.\nExpected status code <405> but was <404>.\n","time":{"start":1755594836388,"stop":1755594838576,"duration":2188}},{"uid":"1c1e425ad037680d","reportUrl":"https://SolasIT.github.io/PfDiplomaTeam1/72/#testresult/1c1e425ad037680d","status":"failed","statusDetails":"1 expectation failed.\nExpected status code <405> but was <404>.\n","time":{"start":1755590232680,"stop":1755590234547,"duration":1867}},{"uid":"1792feeeab8d77b0","reportUrl":"https://SolasIT.github.io/PfDiplomaTeam1/71/#testresult/1792feeeab8d77b0","status":"failed","statusDetails":"1 expectation failed.\nExpected status code <405> but was <404>.\n","time":{"start":1755547299879,"stop":1755547301812,"duration":1933}},{"uid":"89f4a5323344ce1c","reportUrl":"https://SolasIT.github.io/PfDiplomaTeam1/70/#testresult/89f4a5323344ce1c","status":"failed","statusDetails":"1 expectation failed.\nExpected status code <405> but was <404>.\n","time":{"start":1755547106272,"stop":1755547108160,"duration":1888}},{"uid":"d9349b10b8c8ed86","reportUrl":"https://SolasIT.github.io/PfDiplomaTeam1/69/#testresult/d9349b10b8c8ed86","status":"failed","statusDetails":"1 expectation failed.\nExpected status code <405> but was <404>.\n","time":{"start":1755546017193,"stop":1755546019035,"duration":1842}},{"uid":"f1b4154b58ca1f38","reportUrl":"https://SolasIT.github.io/PfDiplomaTeam1/68/#testresult/f1b4154b58ca1f38","status":"failed","statusDetails":"1 expectation failed.\nExpected status code <405> but was <404>.\n","time":{"start":1755545010197,"stop":1755545012113,"duration":1916}},{"uid":"e3d0ac922339e451","reportUrl":"https://SolasIT.github.io/PfDiplomaTeam1/67/#testresult/e3d0ac922339e451","status":"failed","statusDetails":"1 expectation failed.\nExpected status code <405> but was <404>.\n","time":{"start":1755544630750,"stop":1755544632576,"duration":1826}},{"uid":"2ea5290d370d3334","reportUrl":"https://SolasIT.github.io/PfDiplomaTeam1/66/#testresult/2ea5290d370d3334","status":"failed","statusDetails":"1 expectation failed.\nExpected status code <405> but was <404>.\n","time":{"start":1755540347709,"stop":1755540350192,"duration":2483}},{"uid":"5f27419bb2889571","reportUrl":"https://SolasIT.github.io/PfDiplomaTeam1/65/#testresult/5f27419bb2889571","status":"failed","statusDetails":"1 expectation failed.\nExpected status code <405> but was <404>.\n","time":{"start":1755537846460,"stop":1755537848478,"duration":2018}},{"uid":"c7d2e60fe14f93e9","reportUrl":"https://SolasIT.github.io/PfDiplomaTeam1/64/#testresult/c7d2e60fe14f93e9","status":"failed","statusDetails":"1 expectation failed.\nExpected status code <405> but was <404>.\n","time":{"start":1755537780065,"stop":1755537781956,"duration":1891}},{"uid":"6e3b4837e016c685","reportUrl":"https://SolasIT.github.io/PfDiplomaTeam1/63/#testresult/6e3b4837e016c685","status":"failed","statusDetails":"1 expectation failed.\nExpected status code <405> but was <404>.\n","time":{"start":1755534004153,"stop":1755534006748,"duration":2595}}]},"tags":[]},"source":"a72b016c61bb470e.json","parameterValues":[]}